09-06 18:44:15 com_github_MitjaNemec_Archive3DModels.action_archive_3d_models 220:Plugin executed on: 'win32'
09-06 18:44:15 com_github_MitjaNemec_Archive3DModels.action_archive_3d_models 221:Plugin executed with python version: '3.9.14 (main, Feb 13 2023, 04:48:26) [MSC v.1934 64 bit (AMD64)]'
09-06 18:44:15 com_github_MitjaNemec_Archive3DModels.action_archive_3d_models 222:KiCad build version: 7.0.1
09-06 18:44:15 com_github_MitjaNemec_Archive3DModels.action_archive_3d_models 223:Plugin version: 1.0.9

09-06 18:44:15 com_github_MitjaNemec_Archive3DModels.action_archive_3d_models 228:Screen sizes: [wx.Size(1920, 1080), wx.Size(1920, 1080), wx.Size(1080, 1920)]
09-06 18:44:15 com_github_MitjaNemec_Archive3DModels.action_archive_3d_models 235:Dialog size: wx.Size(213, 81)
09-06 18:44:15 com_github_MitjaNemec_Archive3DModels.action_archive_3d_models 237:Char size: 15
09-06 18:44:18 com_github_MitjaNemec_Archive3DModels.archive_3d_models 24:Starting to archive 3D models
09-06 18:44:18 com_github_MitjaNemec_Archive3DModels.archive_3d_models 45:Getting 3D models for footprint of: J7
09-06 18:44:18 com_github_MitjaNemec_Archive3DModels.archive_3d_models 56:Trying to copy: ${KICAD_USER_LIB}/3D Shapes/Magnetic Pogo Pin Connector.3dshapes/L_Type_Female_4Pin_Pogo_connector.STEP
09-06 18:44:18 com_github_MitjaNemec_Archive3DModels.archive_3d_models 136:Remapping: ${KICAD_USER_LIB}/3D Shapes/Magnetic Pogo Pin Connector.3dshapes/L_Type_Female_4Pin_Pogo_connector.STEP
09-06 18:44:18 com_github_MitjaNemec_Archive3DModels.archive_3d_models 45:Getting 3D models for footprint of: J6
09-06 18:44:18 com_github_MitjaNemec_Archive3DModels.archive_3d_models 56:Trying to copy: ${KICAD_USER_LIB}/3D Shapes/Magnetic Pogo Pin Connector.3dshapes/L_Type_Female_4Pin_Pogo_connector.STEP
09-06 18:44:18 com_github_MitjaNemec_Archive3DModels.archive_3d_models 136:Remapping: ${KICAD_USER_LIB}/3D Shapes/Magnetic Pogo Pin Connector.3dshapes/L_Type_Female_4Pin_Pogo_connector.STEP
09-06 18:44:18 com_github_MitjaNemec_Archive3DModels.archive_3d_models 45:Getting 3D models for footprint of: J5
09-06 18:44:18 com_github_MitjaNemec_Archive3DModels.archive_3d_models 56:Trying to copy: ${KICAD_USER_LIB}/3D Shapes/Magnetic Pogo Pin Connector.3dshapes/L_Type_Female_4Pin_Pogo_connector.STEP
09-06 18:44:18 com_github_MitjaNemec_Archive3DModels.archive_3d_models 136:Remapping: ${KICAD_USER_LIB}/3D Shapes/Magnetic Pogo Pin Connector.3dshapes/L_Type_Female_4Pin_Pogo_connector.STEP
09-06 18:44:18 com_github_MitjaNemec_Archive3DModels.archive_3d_models 45:Getting 3D models for footprint of: J4
09-06 18:44:18 com_github_MitjaNemec_Archive3DModels.archive_3d_models 56:Trying to copy: ${KICAD_USER_LIB}/3D Shapes/Magnetic Pogo Pin Connector.3dshapes/L_Type_Female_4Pin_Pogo_connector.STEP
09-06 18:44:18 com_github_MitjaNemec_Archive3DModels.archive_3d_models 136:Remapping: ${KICAD_USER_LIB}/3D Shapes/Magnetic Pogo Pin Connector.3dshapes/L_Type_Female_4Pin_Pogo_connector.STEP
09-06 18:44:18 com_github_MitjaNemec_Archive3DModels.archive_3d_models 45:Getting 3D models for footprint of: U6
09-06 18:44:18 com_github_MitjaNemec_Archive3DModels.archive_3d_models 56:Trying to copy: D:/#Git Hub Repos/Footprints Library/3D Shapes/Switch footprints.3dshapes/Neopixel.step
09-06 18:44:18 com_github_MitjaNemec_Archive3DModels.archive_3d_models 136:Remapping: D:/#Git Hub Repos/Footprints Library/3D Shapes/Switch footprints.3dshapes/Neopixel.step
09-06 18:44:18 com_github_MitjaNemec_Archive3DModels.archive_3d_models 56:Trying to copy: ${KIPRJMOD}/packages3D/Neopixel.step
09-06 18:44:18 com_github_MitjaNemec_Archive3DModels.archive_3d_models 136:Remapping: ${KIPRJMOD}/packages3D/Neopixel.step
09-06 18:44:18 com_github_MitjaNemec_Archive3DModels.archive_3d_models 45:Getting 3D models for footprint of: U3
09-06 18:44:18 com_github_MitjaNemec_Archive3DModels.archive_3d_models 56:Trying to copy: D:/#Git Hub Repos/Footprints Library/3D Shapes/Switch footprints.3dshapes/Neopixel.step
09-06 18:44:18 com_github_MitjaNemec_Archive3DModels.archive_3d_models 136:Remapping: D:/#Git Hub Repos/Footprints Library/3D Shapes/Switch footprints.3dshapes/Neopixel.step
09-06 18:44:18 com_github_MitjaNemec_Archive3DModels.archive_3d_models 56:Trying to copy: ${KIPRJMOD}/packages3D/Neopixel.step
09-06 18:44:18 com_github_MitjaNemec_Archive3DModels.archive_3d_models 136:Remapping: ${KIPRJMOD}/packages3D/Neopixel.step
09-06 18:44:18 com_github_MitjaNemec_Archive3DModels.archive_3d_models 45:Getting 3D models for footprint of: RV1
09-06 18:44:18 com_github_MitjaNemec_Archive3DModels.archive_3d_models 56:Trying to copy: ${KICAD_USER_LIB}/3D Shapes/Slider.3dshapes/PTA6043-2010CIB502.stp
09-06 18:44:18 com_github_MitjaNemec_Archive3DModels.archive_3d_models 136:Remapping: ${KICAD_USER_LIB}/3D Shapes/Slider.3dshapes/PTA6043-2010CIB502.stp
09-06 18:44:18 com_github_MitjaNemec_Archive3DModels.archive_3d_models 45:Getting 3D models for footprint of: U1
09-06 18:44:18 com_github_MitjaNemec_Archive3DModels.archive_3d_models 56:Trying to copy: D:/#Git Hub Repos/Footprints Library/3D Shapes/Switch footprints.3dshapes/Neopixel.step
09-06 18:44:18 com_github_MitjaNemec_Archive3DModels.archive_3d_models 136:Remapping: D:/#Git Hub Repos/Footprints Library/3D Shapes/Switch footprints.3dshapes/Neopixel.step
09-06 18:44:18 com_github_MitjaNemec_Archive3DModels.archive_3d_models 56:Trying to copy: ${KIPRJMOD}/packages3D/Neopixel.step
09-06 18:44:18 com_github_MitjaNemec_Archive3DModels.archive_3d_models 136:Remapping: ${KIPRJMOD}/packages3D/Neopixel.step
09-06 18:44:18 com_github_MitjaNemec_Archive3DModels.archive_3d_models 45:Getting 3D models for footprint of: U17
09-06 18:44:18 com_github_MitjaNemec_Archive3DModels.archive_3d_models 56:Trying to copy: D:/#Git Hub Repos/Footprints Library/3D Shapes/Switch footprints.3dshapes/Neopixel.step
09-06 18:44:19 com_github_MitjaNemec_Archive3DModels.archive_3d_models 136:Remapping: D:/#Git Hub Repos/Footprints Library/3D Shapes/Switch footprints.3dshapes/Neopixel.step
09-06 18:44:19 com_github_MitjaNemec_Archive3DModels.archive_3d_models 56:Trying to copy: ${KIPRJMOD}/packages3D/Neopixel.step
09-06 18:44:19 com_github_MitjaNemec_Archive3DModels.archive_3d_models 136:Remapping: ${KIPRJMOD}/packages3D/Neopixel.step
09-06 18:44:19 com_github_MitjaNemec_Archive3DModels.archive_3d_models 45:Getting 3D models for footprint of: U4
09-06 18:44:19 com_github_MitjaNemec_Archive3DModels.archive_3d_models 56:Trying to copy: D:/#Git Hub Repos/Footprints Library/3D Shapes/Switch footprints.3dshapes/Neopixel.step
09-06 18:44:19 com_github_MitjaNemec_Archive3DModels.archive_3d_models 136:Remapping: D:/#Git Hub Repos/Footprints Library/3D Shapes/Switch footprints.3dshapes/Neopixel.step
09-06 18:44:19 com_github_MitjaNemec_Archive3DModels.archive_3d_models 56:Trying to copy: ${KIPRJMOD}/packages3D/Neopixel.step
09-06 18:44:19 com_github_MitjaNemec_Archive3DModels.archive_3d_models 136:Remapping: ${KIPRJMOD}/packages3D/Neopixel.step
09-06 18:44:19 com_github_MitjaNemec_Archive3DModels.archive_3d_models 45:Getting 3D models for footprint of: U13
09-06 18:44:19 com_github_MitjaNemec_Archive3DModels.archive_3d_models 56:Trying to copy: D:/#Git Hub Repos/Footprints Library/3D Shapes/Switch footprints.3dshapes/Neopixel.step
09-06 18:44:19 com_github_MitjaNemec_Archive3DModels.archive_3d_models 136:Remapping: D:/#Git Hub Repos/Footprints Library/3D Shapes/Switch footprints.3dshapes/Neopixel.step
09-06 18:44:19 com_github_MitjaNemec_Archive3DModels.archive_3d_models 56:Trying to copy: ${KIPRJMOD}/packages3D/Neopixel.step
09-06 18:44:19 com_github_MitjaNemec_Archive3DModels.archive_3d_models 136:Remapping: ${KIPRJMOD}/packages3D/Neopixel.step
09-06 18:44:19 com_github_MitjaNemec_Archive3DModels.archive_3d_models 45:Getting 3D models for footprint of: J3
09-06 18:44:19 com_github_MitjaNemec_Archive3DModels.archive_3d_models 45:Getting 3D models for footprint of: U5
09-06 18:44:19 com_github_MitjaNemec_Archive3DModels.archive_3d_models 56:Trying to copy: D:/#Git Hub Repos/Footprints Library/3D Shapes/Switch footprints.3dshapes/Neopixel.step
09-06 18:44:19 com_github_MitjaNemec_Archive3DModels.archive_3d_models 136:Remapping: D:/#Git Hub Repos/Footprints Library/3D Shapes/Switch footprints.3dshapes/Neopixel.step
09-06 18:44:19 com_github_MitjaNemec_Archive3DModels.archive_3d_models 56:Trying to copy: ${KIPRJMOD}/packages3D/Neopixel.step
09-06 18:44:19 com_github_MitjaNemec_Archive3DModels.archive_3d_models 136:Remapping: ${KIPRJMOD}/packages3D/Neopixel.step
09-06 18:44:19 com_github_MitjaNemec_Archive3DModels.archive_3d_models 45:Getting 3D models for footprint of: U15
09-06 18:44:19 com_github_MitjaNemec_Archive3DModels.archive_3d_models 56:Trying to copy: D:/#Git Hub Repos/Footprints Library/3D Shapes/Switch footprints.3dshapes/Neopixel.step
09-06 18:44:19 com_github_MitjaNemec_Archive3DModels.archive_3d_models 136:Remapping: D:/#Git Hub Repos/Footprints Library/3D Shapes/Switch footprints.3dshapes/Neopixel.step
09-06 18:44:19 com_github_MitjaNemec_Archive3DModels.archive_3d_models 56:Trying to copy: ${KIPRJMOD}/packages3D/Neopixel.step
09-06 18:44:19 com_github_MitjaNemec_Archive3DModels.archive_3d_models 136:Remapping: ${KIPRJMOD}/packages3D/Neopixel.step
09-06 18:44:19 com_github_MitjaNemec_Archive3DModels.archive_3d_models 45:Getting 3D models for footprint of: U12
09-06 18:44:19 com_github_MitjaNemec_Archive3DModels.archive_3d_models 56:Trying to copy: D:/#Git Hub Repos/Footprints Library/3D Shapes/Switch footprints.3dshapes/Neopixel.step
09-06 18:44:19 com_github_MitjaNemec_Archive3DModels.archive_3d_models 136:Remapping: D:/#Git Hub Repos/Footprints Library/3D Shapes/Switch footprints.3dshapes/Neopixel.step
09-06 18:44:19 com_github_MitjaNemec_Archive3DModels.archive_3d_models 56:Trying to copy: ${KIPRJMOD}/packages3D/Neopixel.step
09-06 18:44:19 com_github_MitjaNemec_Archive3DModels.archive_3d_models 136:Remapping: ${KIPRJMOD}/packages3D/Neopixel.step
09-06 18:44:19 com_github_MitjaNemec_Archive3DModels.archive_3d_models 45:Getting 3D models for footprint of: U20
09-06 18:44:19 com_github_MitjaNemec_Archive3DModels.archive_3d_models 56:Trying to copy: ${KICAD_USER_LIB}/3D Shapes/Encoder.3dshapes/EC12 Encoder 10mm 3pin.stp
09-06 18:44:19 com_github_MitjaNemec_Archive3DModels.archive_3d_models 136:Remapping: ${KICAD_USER_LIB}/3D Shapes/Encoder.3dshapes/EC12 Encoder 10mm 3pin.stp
09-06 18:44:19 com_github_MitjaNemec_Archive3DModels.archive_3d_models 56:Trying to copy: ${KIPRJMOD}/packages3D/EC12 Encoder 10mm 3pin.stp
09-06 18:44:19 com_github_MitjaNemec_Archive3DModels.archive_3d_models 136:Remapping: ${KIPRJMOD}/packages3D/EC12 Encoder 10mm 3pin.stp
09-06 18:44:19 com_github_MitjaNemec_Archive3DModels.archive_3d_models 45:Getting 3D models for footprint of: U8
09-06 18:44:19 com_github_MitjaNemec_Archive3DModels.archive_3d_models 56:Trying to copy: D:/#Git Hub Repos/Footprints Library/3D Shapes/Switch footprints.3dshapes/Neopixel.step
09-06 18:44:19 com_github_MitjaNemec_Archive3DModels.archive_3d_models 136:Remapping: D:/#Git Hub Repos/Footprints Library/3D Shapes/Switch footprints.3dshapes/Neopixel.step
09-06 18:44:19 com_github_MitjaNemec_Archive3DModels.archive_3d_models 56:Trying to copy: ${KIPRJMOD}/packages3D/Neopixel.step
09-06 18:44:19 com_github_MitjaNemec_Archive3DModels.archive_3d_models 136:Remapping: ${KIPRJMOD}/packages3D/Neopixel.step
09-06 18:44:19 com_github_MitjaNemec_Archive3DModels.archive_3d_models 45:Getting 3D models for footprint of: U22
09-06 18:44:19 com_github_MitjaNemec_Archive3DModels.archive_3d_models 56:Trying to copy: D:/#Git Hub Repos/Footprints Library/3D Shapes/Switch footprints.3dshapes/Neopixel.step
09-06 18:44:19 com_github_MitjaNemec_Archive3DModels.archive_3d_models 136:Remapping: D:/#Git Hub Repos/Footprints Library/3D Shapes/Switch footprints.3dshapes/Neopixel.step
09-06 18:44:19 com_github_MitjaNemec_Archive3DModels.archive_3d_models 56:Trying to copy: ${KIPRJMOD}/packages3D/Neopixel.step
09-06 18:44:19 com_github_MitjaNemec_Archive3DModels.archive_3d_models 136:Remapping: ${KIPRJMOD}/packages3D/Neopixel.step
09-06 18:44:19 com_github_MitjaNemec_Archive3DModels.archive_3d_models 45:Getting 3D models for footprint of: U7
09-06 18:44:19 com_github_MitjaNemec_Archive3DModels.archive_3d_models 56:Trying to copy: D:/#Git Hub Repos/Footprints Library/3D Shapes/Switch footprints.3dshapes/Neopixel.step
09-06 18:44:19 com_github_MitjaNemec_Archive3DModels.archive_3d_models 136:Remapping: D:/#Git Hub Repos/Footprints Library/3D Shapes/Switch footprints.3dshapes/Neopixel.step
09-06 18:44:19 com_github_MitjaNemec_Archive3DModels.archive_3d_models 56:Trying to copy: ${KIPRJMOD}/packages3D/Neopixel.step
09-06 18:44:19 com_github_MitjaNemec_Archive3DModels.archive_3d_models 136:Remapping: ${KIPRJMOD}/packages3D/Neopixel.step
09-06 18:44:19 com_github_MitjaNemec_Archive3DModels.archive_3d_models 45:Getting 3D models for footprint of: RV2
09-06 18:44:19 com_github_MitjaNemec_Archive3DModels.archive_3d_models 56:Trying to copy: ${KICAD_USER_LIB}/3D Shapes/Slider.3dshapes/PTA6043-2010CIB502.stp
09-06 18:44:19 com_github_MitjaNemec_Archive3DModels.archive_3d_models 136:Remapping: ${KICAD_USER_LIB}/3D Shapes/Slider.3dshapes/PTA6043-2010CIB502.stp
09-06 18:44:19 com_github_MitjaNemec_Archive3DModels.archive_3d_models 45:Getting 3D models for footprint of: U16
09-06 18:44:19 com_github_MitjaNemec_Archive3DModels.archive_3d_models 56:Trying to copy: D:/#Git Hub Repos/Footprints Library/3D Shapes/Switch footprints.3dshapes/Neopixel.step
09-06 18:44:19 com_github_MitjaNemec_Archive3DModels.archive_3d_models 136:Remapping: D:/#Git Hub Repos/Footprints Library/3D Shapes/Switch footprints.3dshapes/Neopixel.step
09-06 18:44:19 com_github_MitjaNemec_Archive3DModels.archive_3d_models 56:Trying to copy: ${KIPRJMOD}/packages3D/Neopixel.step
09-06 18:44:19 com_github_MitjaNemec_Archive3DModels.archive_3d_models 136:Remapping: ${KIPRJMOD}/packages3D/Neopixel.step
09-06 18:44:19 com_github_MitjaNemec_Archive3DModels.archive_3d_models 45:Getting 3D models for footprint of: U11
09-06 18:44:19 com_github_MitjaNemec_Archive3DModels.archive_3d_models 56:Trying to copy: D:/#Git Hub Repos/Footprints Library/3D Shapes/Switch footprints.3dshapes/Neopixel.step
09-06 18:44:19 com_github_MitjaNemec_Archive3DModels.archive_3d_models 136:Remapping: D:/#Git Hub Repos/Footprints Library/3D Shapes/Switch footprints.3dshapes/Neopixel.step
09-06 18:44:19 com_github_MitjaNemec_Archive3DModels.archive_3d_models 56:Trying to copy: ${KIPRJMOD}/packages3D/Neopixel.step
09-06 18:44:19 com_github_MitjaNemec_Archive3DModels.archive_3d_models 136:Remapping: ${KIPRJMOD}/packages3D/Neopixel.step
09-06 18:44:19 com_github_MitjaNemec_Archive3DModels.archive_3d_models 45:Getting 3D models for footprint of: U14
09-06 18:44:19 com_github_MitjaNemec_Archive3DModels.archive_3d_models 56:Trying to copy: D:/#Git Hub Repos/Footprints Library/3D Shapes/Switch footprints.3dshapes/Neopixel.step
09-06 18:44:19 com_github_MitjaNemec_Archive3DModels.archive_3d_models 136:Remapping: D:/#Git Hub Repos/Footprints Library/3D Shapes/Switch footprints.3dshapes/Neopixel.step
09-06 18:44:19 com_github_MitjaNemec_Archive3DModels.archive_3d_models 56:Trying to copy: ${KIPRJMOD}/packages3D/Neopixel.step
09-06 18:44:19 com_github_MitjaNemec_Archive3DModels.archive_3d_models 136:Remapping: ${KIPRJMOD}/packages3D/Neopixel.step
09-06 18:44:19 com_github_MitjaNemec_Archive3DModels.archive_3d_models 45:Getting 3D models for footprint of: U10
09-06 18:44:19 com_github_MitjaNemec_Archive3DModels.archive_3d_models 56:Trying to copy: D:/#Git Hub Repos/Footprints Library/3D Shapes/Switch footprints.3dshapes/Neopixel.step
09-06 18:44:19 com_github_MitjaNemec_Archive3DModels.archive_3d_models 136:Remapping: D:/#Git Hub Repos/Footprints Library/3D Shapes/Switch footprints.3dshapes/Neopixel.step
09-06 18:44:19 com_github_MitjaNemec_Archive3DModels.archive_3d_models 56:Trying to copy: ${KIPRJMOD}/packages3D/Neopixel.step
09-06 18:44:19 com_github_MitjaNemec_Archive3DModels.archive_3d_models 136:Remapping: ${KIPRJMOD}/packages3D/Neopixel.step
09-06 18:44:19 com_github_MitjaNemec_Archive3DModels.archive_3d_models 45:Getting 3D models for footprint of: U9
09-06 18:44:19 com_github_MitjaNemec_Archive3DModels.archive_3d_models 56:Trying to copy: D:/#Git Hub Repos/Footprints Library/3D Shapes/Switch footprints.3dshapes/Neopixel.step
09-06 18:44:19 com_github_MitjaNemec_Archive3DModels.archive_3d_models 136:Remapping: D:/#Git Hub Repos/Footprints Library/3D Shapes/Switch footprints.3dshapes/Neopixel.step
09-06 18:44:19 com_github_MitjaNemec_Archive3DModels.archive_3d_models 56:Trying to copy: ${KIPRJMOD}/packages3D/Neopixel.step
09-06 18:44:19 com_github_MitjaNemec_Archive3DModels.archive_3d_models 136:Remapping: ${KIPRJMOD}/packages3D/Neopixel.step
09-06 18:44:19 com_github_MitjaNemec_Archive3DModels.archive_3d_models 45:Getting 3D models for footprint of: J1
09-06 18:44:19 com_github_MitjaNemec_Archive3DModels.archive_3d_models 45:Getting 3D models for footprint of: U2
09-06 18:44:19 com_github_MitjaNemec_Archive3DModels.archive_3d_models 56:Trying to copy: D:/#Git Hub Repos/Footprints Library/3D Shapes/Switch footprints.3dshapes/Neopixel.step
09-06 18:44:19 com_github_MitjaNemec_Archive3DModels.archive_3d_models 136:Remapping: D:/#Git Hub Repos/Footprints Library/3D Shapes/Switch footprints.3dshapes/Neopixel.step
09-06 18:44:19 com_github_MitjaNemec_Archive3DModels.archive_3d_models 56:Trying to copy: ${KIPRJMOD}/packages3D/Neopixel.step
09-06 18:44:19 com_github_MitjaNemec_Archive3DModels.archive_3d_models 136:Remapping: ${KIPRJMOD}/packages3D/Neopixel.step
09-06 18:44:19 com_github_MitjaNemec_Archive3DModels.archive_3d_models 45:Getting 3D models for footprint of: U21
09-06 18:44:19 com_github_MitjaNemec_Archive3DModels.archive_3d_models 56:Trying to copy: D:/#Git Hub Repos/Footprints Library/3D Shapes/Switch footprints.3dshapes/Neopixel.step
09-06 18:44:19 com_github_MitjaNemec_Archive3DModels.archive_3d_models 136:Remapping: D:/#Git Hub Repos/Footprints Library/3D Shapes/Switch footprints.3dshapes/Neopixel.step
09-06 18:44:19 com_github_MitjaNemec_Archive3DModels.archive_3d_models 56:Trying to copy: ${KIPRJMOD}/packages3D/Neopixel.step
09-06 18:44:19 com_github_MitjaNemec_Archive3DModels.archive_3d_models 136:Remapping: ${KIPRJMOD}/packages3D/Neopixel.step
09-06 18:44:19 com_github_MitjaNemec_Archive3DModels.archive_3d_models 45:Getting 3D models for footprint of: D16
09-06 18:44:19 com_github_MitjaNemec_Archive3DModels.archive_3d_models 56:Trying to copy: ${KICAD6_3DMODEL_DIR}/Diode_SMD.3dshapes/D_0603_1608Metric.wrl
09-06 18:44:19 com_github_MitjaNemec_Archive3DModels.archive_3d_models 136:Remapping: ${KICAD6_3DMODEL_DIR}/Diode_SMD.3dshapes/D_0603_1608Metric.wrl
09-06 18:44:19 com_github_MitjaNemec_Archive3DModels.archive_3d_models 45:Getting 3D models for footprint of: C28
09-06 18:44:19 com_github_MitjaNemec_Archive3DModels.archive_3d_models 56:Trying to copy: ${KICAD6_3DMODEL_DIR}/Capacitor_SMD.3dshapes/C_0603_1608Metric.wrl
09-06 18:44:19 com_github_MitjaNemec_Archive3DModels.archive_3d_models 136:Remapping: ${KICAD6_3DMODEL_DIR}/Capacitor_SMD.3dshapes/C_0603_1608Metric.wrl
09-06 18:44:19 com_github_MitjaNemec_Archive3DModels.archive_3d_models 45:Getting 3D models for footprint of: C1
09-06 18:44:19 com_github_MitjaNemec_Archive3DModels.archive_3d_models 56:Trying to copy: ${KICAD6_3DMODEL_DIR}/Capacitor_SMD.3dshapes/C_0603_1608Metric.wrl
09-06 18:44:19 com_github_MitjaNemec_Archive3DModels.archive_3d_models 136:Remapping: ${KICAD6_3DMODEL_DIR}/Capacitor_SMD.3dshapes/C_0603_1608Metric.wrl
09-06 18:44:19 com_github_MitjaNemec_Archive3DModels.archive_3d_models 45:Getting 3D models for footprint of: D11
09-06 18:44:19 com_github_MitjaNemec_Archive3DModels.archive_3d_models 56:Trying to copy: ${KICAD6_3DMODEL_DIR}/Diode_SMD.3dshapes/D_0603_1608Metric.wrl
09-06 18:44:19 com_github_MitjaNemec_Archive3DModels.archive_3d_models 136:Remapping: ${KICAD6_3DMODEL_DIR}/Diode_SMD.3dshapes/D_0603_1608Metric.wrl
09-06 18:44:19 com_github_MitjaNemec_Archive3DModels.archive_3d_models 45:Getting 3D models for footprint of: C10
09-06 18:44:19 com_github_MitjaNemec_Archive3DModels.archive_3d_models 56:Trying to copy: ${KICAD6_3DMODEL_DIR}/Capacitor_SMD.3dshapes/C_0603_1608Metric.wrl
09-06 18:44:19 com_github_MitjaNemec_Archive3DModels.archive_3d_models 136:Remapping: ${KICAD6_3DMODEL_DIR}/Capacitor_SMD.3dshapes/C_0603_1608Metric.wrl
09-06 18:44:19 com_github_MitjaNemec_Archive3DModels.archive_3d_models 45:Getting 3D models for footprint of: C15
09-06 18:44:19 com_github_MitjaNemec_Archive3DModels.archive_3d_models 56:Trying to copy: ${KICAD6_3DMODEL_DIR}/Capacitor_SMD.3dshapes/C_0603_1608Metric.wrl
09-06 18:44:19 com_github_MitjaNemec_Archive3DModels.archive_3d_models 136:Remapping: ${KICAD6_3DMODEL_DIR}/Capacitor_SMD.3dshapes/C_0603_1608Metric.wrl
09-06 18:44:19 com_github_MitjaNemec_Archive3DModels.archive_3d_models 45:Getting 3D models for footprint of: D9
09-06 18:44:19 com_github_MitjaNemec_Archive3DModels.archive_3d_models 56:Trying to copy: ${KICAD6_3DMODEL_DIR}/Diode_SMD.3dshapes/D_0603_1608Metric.wrl
09-06 18:44:19 com_github_MitjaNemec_Archive3DModels.archive_3d_models 136:Remapping: ${KICAD6_3DMODEL_DIR}/Diode_SMD.3dshapes/D_0603_1608Metric.wrl
09-06 18:44:19 com_github_MitjaNemec_Archive3DModels.archive_3d_models 45:Getting 3D models for footprint of: D6
09-06 18:44:19 com_github_MitjaNemec_Archive3DModels.archive_3d_models 56:Trying to copy: ${KICAD6_3DMODEL_DIR}/Diode_SMD.3dshapes/D_0603_1608Metric.wrl
09-06 18:44:19 com_github_MitjaNemec_Archive3DModels.archive_3d_models 136:Remapping: ${KICAD6_3DMODEL_DIR}/Diode_SMD.3dshapes/D_0603_1608Metric.wrl
09-06 18:44:19 com_github_MitjaNemec_Archive3DModels.archive_3d_models 45:Getting 3D models for footprint of: U19
09-06 18:44:19 com_github_MitjaNemec_Archive3DModels.archive_3d_models 45:Getting 3D models for footprint of: C21
09-06 18:44:19 com_github_MitjaNemec_Archive3DModels.archive_3d_models 56:Trying to copy: ${KICAD6_3DMODEL_DIR}/Capacitor_SMD.3dshapes/C_0603_1608Metric.wrl
09-06 18:44:19 com_github_MitjaNemec_Archive3DModels.archive_3d_models 136:Remapping: ${KICAD6_3DMODEL_DIR}/Capacitor_SMD.3dshapes/C_0603_1608Metric.wrl
09-06 18:44:19 com_github_MitjaNemec_Archive3DModels.archive_3d_models 45:Getting 3D models for footprint of: R2
09-06 18:44:19 com_github_MitjaNemec_Archive3DModels.archive_3d_models 56:Trying to copy: ${KICAD6_3DMODEL_DIR}/Resistor_SMD.3dshapes/R_0603_1608Metric.wrl
09-06 18:44:19 com_github_MitjaNemec_Archive3DModels.archive_3d_models 136:Remapping: ${KICAD6_3DMODEL_DIR}/Resistor_SMD.3dshapes/R_0603_1608Metric.wrl
09-06 18:44:19 com_github_MitjaNemec_Archive3DModels.archive_3d_models 45:Getting 3D models for footprint of: D17
09-06 18:44:19 com_github_MitjaNemec_Archive3DModels.archive_3d_models 56:Trying to copy: ${KICAD6_3DMODEL_DIR}/Diode_SMD.3dshapes/D_0603_1608Metric.wrl
09-06 18:44:19 com_github_MitjaNemec_Archive3DModels.archive_3d_models 136:Remapping: ${KICAD6_3DMODEL_DIR}/Diode_SMD.3dshapes/D_0603_1608Metric.wrl
09-06 18:44:19 com_github_MitjaNemec_Archive3DModels.archive_3d_models 45:Getting 3D models for footprint of: D3
09-06 18:44:19 com_github_MitjaNemec_Archive3DModels.archive_3d_models 56:Trying to copy: ${KICAD6_3DMODEL_DIR}/Diode_SMD.3dshapes/D_0603_1608Metric.wrl
09-06 18:44:19 com_github_MitjaNemec_Archive3DModels.archive_3d_models 136:Remapping: ${KICAD6_3DMODEL_DIR}/Diode_SMD.3dshapes/D_0603_1608Metric.wrl
09-06 18:44:19 com_github_MitjaNemec_Archive3DModels.archive_3d_models 45:Getting 3D models for footprint of: D10
09-06 18:44:19 com_github_MitjaNemec_Archive3DModels.archive_3d_models 56:Trying to copy: ${KICAD6_3DMODEL_DIR}/Diode_SMD.3dshapes/D_0603_1608Metric.wrl
09-06 18:44:19 com_github_MitjaNemec_Archive3DModels.archive_3d_models 136:Remapping: ${KICAD6_3DMODEL_DIR}/Diode_SMD.3dshapes/D_0603_1608Metric.wrl
09-06 18:44:19 com_github_MitjaNemec_Archive3DModels.archive_3d_models 45:Getting 3D models for footprint of: D14
09-06 18:44:19 com_github_MitjaNemec_Archive3DModels.archive_3d_models 56:Trying to copy: ${KICAD6_3DMODEL_DIR}/Diode_SMD.3dshapes/D_0603_1608Metric.wrl
09-06 18:44:19 com_github_MitjaNemec_Archive3DModels.archive_3d_models 136:Remapping: ${KICAD6_3DMODEL_DIR}/Diode_SMD.3dshapes/D_0603_1608Metric.wrl
09-06 18:44:19 com_github_MitjaNemec_Archive3DModels.archive_3d_models 45:Getting 3D models for footprint of: D13
09-06 18:44:19 com_github_MitjaNemec_Archive3DModels.archive_3d_models 56:Trying to copy: ${KICAD6_3DMODEL_DIR}/Diode_SMD.3dshapes/D_0603_1608Metric.wrl
09-06 18:44:19 com_github_MitjaNemec_Archive3DModels.archive_3d_models 136:Remapping: ${KICAD6_3DMODEL_DIR}/Diode_SMD.3dshapes/D_0603_1608Metric.wrl
09-06 18:44:19 com_github_MitjaNemec_Archive3DModels.archive_3d_models 45:Getting 3D models for footprint of: D8
09-06 18:44:19 com_github_MitjaNemec_Archive3DModels.archive_3d_models 56:Trying to copy: ${KICAD6_3DMODEL_DIR}/Diode_SMD.3dshapes/D_0603_1608Metric.wrl
09-06 18:44:19 com_github_MitjaNemec_Archive3DModels.archive_3d_models 136:Remapping: ${KICAD6_3DMODEL_DIR}/Diode_SMD.3dshapes/D_0603_1608Metric.wrl
09-06 18:44:19 com_github_MitjaNemec_Archive3DModels.archive_3d_models 45:Getting 3D models for footprint of: R6
09-06 18:44:19 com_github_MitjaNemec_Archive3DModels.archive_3d_models 56:Trying to copy: ${KICAD6_3DMODEL_DIR}/Resistor_SMD.3dshapes/R_0603_1608Metric.wrl
09-06 18:44:19 com_github_MitjaNemec_Archive3DModels.archive_3d_models 136:Remapping: ${KICAD6_3DMODEL_DIR}/Resistor_SMD.3dshapes/R_0603_1608Metric.wrl
09-06 18:44:19 com_github_MitjaNemec_Archive3DModels.archive_3d_models 45:Getting 3D models for footprint of: J2
09-06 18:44:19 com_github_MitjaNemec_Archive3DModels.archive_3d_models 45:Getting 3D models for footprint of: C19
09-06 18:44:19 com_github_MitjaNemec_Archive3DModels.archive_3d_models 56:Trying to copy: ${KICAD6_3DMODEL_DIR}/Capacitor_SMD.3dshapes/C_0603_1608Metric.wrl
09-06 18:44:19 com_github_MitjaNemec_Archive3DModels.archive_3d_models 136:Remapping: ${KICAD6_3DMODEL_DIR}/Capacitor_SMD.3dshapes/C_0603_1608Metric.wrl
09-06 18:44:19 com_github_MitjaNemec_Archive3DModels.archive_3d_models 45:Getting 3D models for footprint of: C27
09-06 18:44:19 com_github_MitjaNemec_Archive3DModels.archive_3d_models 56:Trying to copy: ${KICAD6_3DMODEL_DIR}/Capacitor_SMD.3dshapes/C_0603_1608Metric.wrl
09-06 18:44:19 com_github_MitjaNemec_Archive3DModels.archive_3d_models 136:Remapping: ${KICAD6_3DMODEL_DIR}/Capacitor_SMD.3dshapes/C_0603_1608Metric.wrl
09-06 18:44:19 com_github_MitjaNemec_Archive3DModels.archive_3d_models 45:Getting 3D models for footprint of: C26
09-06 18:44:19 com_github_MitjaNemec_Archive3DModels.archive_3d_models 56:Trying to copy: ${KICAD6_3DMODEL_DIR}/Capacitor_SMD.3dshapes/C_0603_1608Metric.wrl
09-06 18:44:19 com_github_MitjaNemec_Archive3DModels.archive_3d_models 136:Remapping: ${KICAD6_3DMODEL_DIR}/Capacitor_SMD.3dshapes/C_0603_1608Metric.wrl
09-06 18:44:19 com_github_MitjaNemec_Archive3DModels.archive_3d_models 45:Getting 3D models for footprint of: D4
09-06 18:44:19 com_github_MitjaNemec_Archive3DModels.archive_3d_models 56:Trying to copy: ${KICAD6_3DMODEL_DIR}/Diode_SMD.3dshapes/D_0603_1608Metric.wrl
09-06 18:44:19 com_github_MitjaNemec_Archive3DModels.archive_3d_models 136:Remapping: ${KICAD6_3DMODEL_DIR}/Diode_SMD.3dshapes/D_0603_1608Metric.wrl
09-06 18:44:19 com_github_MitjaNemec_Archive3DModels.archive_3d_models 45:Getting 3D models for footprint of: R3
09-06 18:44:19 com_github_MitjaNemec_Archive3DModels.archive_3d_models 56:Trying to copy: ${KICAD6_3DMODEL_DIR}/Resistor_SMD.3dshapes/R_0603_1608Metric.wrl
09-06 18:44:19 com_github_MitjaNemec_Archive3DModels.archive_3d_models 136:Remapping: ${KICAD6_3DMODEL_DIR}/Resistor_SMD.3dshapes/R_0603_1608Metric.wrl
09-06 18:44:19 com_github_MitjaNemec_Archive3DModels.archive_3d_models 45:Getting 3D models for footprint of: C24
09-06 18:44:19 com_github_MitjaNemec_Archive3DModels.archive_3d_models 56:Trying to copy: ${KICAD6_3DMODEL_DIR}/Capacitor_SMD.3dshapes/C_0603_1608Metric.wrl
09-06 18:44:19 com_github_MitjaNemec_Archive3DModels.archive_3d_models 136:Remapping: ${KICAD6_3DMODEL_DIR}/Capacitor_SMD.3dshapes/C_0603_1608Metric.wrl
09-06 18:44:19 com_github_MitjaNemec_Archive3DModels.archive_3d_models 45:Getting 3D models for footprint of: C11
09-06 18:44:19 com_github_MitjaNemec_Archive3DModels.archive_3d_models 56:Trying to copy: ${KICAD6_3DMODEL_DIR}/Capacitor_SMD.3dshapes/C_0603_1608Metric.wrl
09-06 18:44:19 com_github_MitjaNemec_Archive3DModels.archive_3d_models 136:Remapping: ${KICAD6_3DMODEL_DIR}/Capacitor_SMD.3dshapes/C_0603_1608Metric.wrl
09-06 18:44:19 com_github_MitjaNemec_Archive3DModels.archive_3d_models 45:Getting 3D models for footprint of: C18
09-06 18:44:19 com_github_MitjaNemec_Archive3DModels.archive_3d_models 56:Trying to copy: ${KICAD6_3DMODEL_DIR}/Capacitor_SMD.3dshapes/C_0603_1608Metric.wrl
09-06 18:44:19 com_github_MitjaNemec_Archive3DModels.archive_3d_models 136:Remapping: ${KICAD6_3DMODEL_DIR}/Capacitor_SMD.3dshapes/C_0603_1608Metric.wrl
09-06 18:44:19 com_github_MitjaNemec_Archive3DModels.archive_3d_models 45:Getting 3D models for footprint of: C13
09-06 18:44:19 com_github_MitjaNemec_Archive3DModels.archive_3d_models 56:Trying to copy: ${KICAD6_3DMODEL_DIR}/Capacitor_SMD.3dshapes/C_0603_1608Metric.wrl
09-06 18:44:19 com_github_MitjaNemec_Archive3DModels.archive_3d_models 136:Remapping: ${KICAD6_3DMODEL_DIR}/Capacitor_SMD.3dshapes/C_0603_1608Metric.wrl
09-06 18:44:19 com_github_MitjaNemec_Archive3DModels.archive_3d_models 45:Getting 3D models for footprint of: C25
09-06 18:44:19 com_github_MitjaNemec_Archive3DModels.archive_3d_models 56:Trying to copy: ${KICAD6_3DMODEL_DIR}/Capacitor_SMD.3dshapes/C_0603_1608Metric.wrl
09-06 18:44:19 com_github_MitjaNemec_Archive3DModels.archive_3d_models 136:Remapping: ${KICAD6_3DMODEL_DIR}/Capacitor_SMD.3dshapes/C_0603_1608Metric.wrl
09-06 18:44:19 com_github_MitjaNemec_Archive3DModels.archive_3d_models 45:Getting 3D models for footprint of: C20
09-06 18:44:19 com_github_MitjaNemec_Archive3DModels.archive_3d_models 56:Trying to copy: ${KICAD6_3DMODEL_DIR}/Capacitor_SMD.3dshapes/C_0603_1608Metric.wrl
09-06 18:44:19 com_github_MitjaNemec_Archive3DModels.archive_3d_models 136:Remapping: ${KICAD6_3DMODEL_DIR}/Capacitor_SMD.3dshapes/C_0603_1608Metric.wrl
09-06 18:44:19 com_github_MitjaNemec_Archive3DModels.archive_3d_models 45:Getting 3D models for footprint of: D7
09-06 18:44:19 com_github_MitjaNemec_Archive3DModels.archive_3d_models 56:Trying to copy: ${KICAD6_3DMODEL_DIR}/Diode_SMD.3dshapes/D_0603_1608Metric.wrl
09-06 18:44:19 com_github_MitjaNemec_Archive3DModels.archive_3d_models 136:Remapping: ${KICAD6_3DMODEL_DIR}/Diode_SMD.3dshapes/D_0603_1608Metric.wrl
09-06 18:44:19 com_github_MitjaNemec_Archive3DModels.archive_3d_models 45:Getting 3D models for footprint of: R1
09-06 18:44:19 com_github_MitjaNemec_Archive3DModels.archive_3d_models 56:Trying to copy: ${KICAD6_3DMODEL_DIR}/Resistor_SMD.3dshapes/R_0603_1608Metric.wrl
09-06 18:44:19 com_github_MitjaNemec_Archive3DModels.archive_3d_models 136:Remapping: ${KICAD6_3DMODEL_DIR}/Resistor_SMD.3dshapes/R_0603_1608Metric.wrl
09-06 18:44:19 com_github_MitjaNemec_Archive3DModels.archive_3d_models 45:Getting 3D models for footprint of: C5
09-06 18:44:19 com_github_MitjaNemec_Archive3DModels.archive_3d_models 56:Trying to copy: ${KICAD6_3DMODEL_DIR}/Capacitor_SMD.3dshapes/C_0603_1608Metric.wrl
09-06 18:44:19 com_github_MitjaNemec_Archive3DModels.archive_3d_models 136:Remapping: ${KICAD6_3DMODEL_DIR}/Capacitor_SMD.3dshapes/C_0603_1608Metric.wrl
09-06 18:44:19 com_github_MitjaNemec_Archive3DModels.archive_3d_models 45:Getting 3D models for footprint of: C29
09-06 18:44:19 com_github_MitjaNemec_Archive3DModels.archive_3d_models 56:Trying to copy: ${KICAD6_3DMODEL_DIR}/Capacitor_SMD.3dshapes/C_0603_1608Metric.wrl
09-06 18:44:19 com_github_MitjaNemec_Archive3DModels.archive_3d_models 136:Remapping: ${KICAD6_3DMODEL_DIR}/Capacitor_SMD.3dshapes/C_0603_1608Metric.wrl
09-06 18:44:19 com_github_MitjaNemec_Archive3DModels.archive_3d_models 45:Getting 3D models for footprint of: C23
09-06 18:44:19 com_github_MitjaNemec_Archive3DModels.archive_3d_models 56:Trying to copy: ${KICAD6_3DMODEL_DIR}/Capacitor_SMD.3dshapes/C_0603_1608Metric.wrl
09-06 18:44:19 com_github_MitjaNemec_Archive3DModels.archive_3d_models 136:Remapping: ${KICAD6_3DMODEL_DIR}/Capacitor_SMD.3dshapes/C_0603_1608Metric.wrl
09-06 18:44:19 com_github_MitjaNemec_Archive3DModels.archive_3d_models 45:Getting 3D models for footprint of: D1
09-06 18:44:19 com_github_MitjaNemec_Archive3DModels.archive_3d_models 56:Trying to copy: ${KICAD6_3DMODEL_DIR}/Diode_SMD.3dshapes/D_0603_1608Metric.wrl
09-06 18:44:19 com_github_MitjaNemec_Archive3DModels.archive_3d_models 136:Remapping: ${KICAD6_3DMODEL_DIR}/Diode_SMD.3dshapes/D_0603_1608Metric.wrl
09-06 18:44:19 com_github_MitjaNemec_Archive3DModels.archive_3d_models 45:Getting 3D models for footprint of: U18
09-06 18:44:19 com_github_MitjaNemec_Archive3DModels.archive_3d_models 56:Trying to copy: ${KICAD6_3DMODEL_DIR}/Package_QFP.3dshapes/TQFP-32_7x7mm_P0.8mm.wrl
09-06 18:44:19 com_github_MitjaNemec_Archive3DModels.archive_3d_models 136:Remapping: ${KICAD6_3DMODEL_DIR}/Package_QFP.3dshapes/TQFP-32_7x7mm_P0.8mm.wrl
09-06 18:44:19 com_github_MitjaNemec_Archive3DModels.archive_3d_models 45:Getting 3D models for footprint of: C14
09-06 18:44:19 com_github_MitjaNemec_Archive3DModels.archive_3d_models 56:Trying to copy: ${KICAD6_3DMODEL_DIR}/Capacitor_SMD.3dshapes/C_0603_1608Metric.wrl
09-06 18:44:19 com_github_MitjaNemec_Archive3DModels.archive_3d_models 136:Remapping: ${KICAD6_3DMODEL_DIR}/Capacitor_SMD.3dshapes/C_0603_1608Metric.wrl
09-06 18:44:19 com_github_MitjaNemec_Archive3DModels.archive_3d_models 45:Getting 3D models for footprint of: D12
09-06 18:44:19 com_github_MitjaNemec_Archive3DModels.archive_3d_models 56:Trying to copy: ${KICAD6_3DMODEL_DIR}/Diode_SMD.3dshapes/D_0603_1608Metric.wrl
09-06 18:44:19 com_github_MitjaNemec_Archive3DModels.archive_3d_models 136:Remapping: ${KICAD6_3DMODEL_DIR}/Diode_SMD.3dshapes/D_0603_1608Metric.wrl
09-06 18:44:19 com_github_MitjaNemec_Archive3DModels.archive_3d_models 45:Getting 3D models for footprint of: D5
09-06 18:44:19 com_github_MitjaNemec_Archive3DModels.archive_3d_models 56:Trying to copy: ${KICAD6_3DMODEL_DIR}/Diode_SMD.3dshapes/D_0603_1608Metric.wrl
09-06 18:44:19 com_github_MitjaNemec_Archive3DModels.archive_3d_models 136:Remapping: ${KICAD6_3DMODEL_DIR}/Diode_SMD.3dshapes/D_0603_1608Metric.wrl
09-06 18:44:19 com_github_MitjaNemec_Archive3DModels.archive_3d_models 45:Getting 3D models for footprint of: R5
09-06 18:44:19 com_github_MitjaNemec_Archive3DModels.archive_3d_models 56:Trying to copy: ${KICAD6_3DMODEL_DIR}/Resistor_SMD.3dshapes/R_0603_1608Metric.wrl
09-06 18:44:19 com_github_MitjaNemec_Archive3DModels.archive_3d_models 136:Remapping: ${KICAD6_3DMODEL_DIR}/Resistor_SMD.3dshapes/R_0603_1608Metric.wrl
09-06 18:44:19 com_github_MitjaNemec_Archive3DModels.archive_3d_models 45:Getting 3D models for footprint of: Y1
09-06 18:44:19 com_github_MitjaNemec_Archive3DModels.archive_3d_models 56:Trying to copy: ${KICAD6_3DMODEL_DIR}/Crystal.3dshapes/Crystal_SMD_HC49-SD.wrl
09-06 18:44:19 com_github_MitjaNemec_Archive3DModels.archive_3d_models 136:Remapping: ${KICAD6_3DMODEL_DIR}/Crystal.3dshapes/Crystal_SMD_HC49-SD.wrl
09-06 18:44:19 com_github_MitjaNemec_Archive3DModels.archive_3d_models 45:Getting 3D models for footprint of: C4
09-06 18:44:19 com_github_MitjaNemec_Archive3DModels.archive_3d_models 56:Trying to copy: ${KICAD6_3DMODEL_DIR}/Capacitor_SMD.3dshapes/C_0603_1608Metric.wrl
09-06 18:44:19 com_github_MitjaNemec_Archive3DModels.archive_3d_models 136:Remapping: ${KICAD6_3DMODEL_DIR}/Capacitor_SMD.3dshapes/C_0603_1608Metric.wrl
09-06 18:44:19 com_github_MitjaNemec_Archive3DModels.archive_3d_models 45:Getting 3D models for footprint of: R4
09-06 18:44:19 com_github_MitjaNemec_Archive3DModels.archive_3d_models 56:Trying to copy: ${KICAD6_3DMODEL_DIR}/Resistor_SMD.3dshapes/R_0603_1608Metric.wrl
09-06 18:44:19 com_github_MitjaNemec_Archive3DModels.archive_3d_models 136:Remapping: ${KICAD6_3DMODEL_DIR}/Resistor_SMD.3dshapes/R_0603_1608Metric.wrl
09-06 18:44:19 com_github_MitjaNemec_Archive3DModels.archive_3d_models 45:Getting 3D models for footprint of: C6
09-06 18:44:19 com_github_MitjaNemec_Archive3DModels.archive_3d_models 56:Trying to copy: ${KICAD6_3DMODEL_DIR}/Capacitor_SMD.3dshapes/C_0603_1608Metric.wrl
09-06 18:44:19 com_github_MitjaNemec_Archive3DModels.archive_3d_models 136:Remapping: ${KICAD6_3DMODEL_DIR}/Capacitor_SMD.3dshapes/C_0603_1608Metric.wrl
09-06 18:44:19 com_github_MitjaNemec_Archive3DModels.archive_3d_models 45:Getting 3D models for footprint of: C17
09-06 18:44:19 com_github_MitjaNemec_Archive3DModels.archive_3d_models 56:Trying to copy: ${KICAD6_3DMODEL_DIR}/Capacitor_SMD.3dshapes/C_0603_1608Metric.wrl
09-06 18:44:19 com_github_MitjaNemec_Archive3DModels.archive_3d_models 136:Remapping: ${KICAD6_3DMODEL_DIR}/Capacitor_SMD.3dshapes/C_0603_1608Metric.wrl
09-06 18:44:19 com_github_MitjaNemec_Archive3DModels.archive_3d_models 45:Getting 3D models for footprint of: C7
09-06 18:44:19 com_github_MitjaNemec_Archive3DModels.archive_3d_models 56:Trying to copy: ${KICAD6_3DMODEL_DIR}/Capacitor_SMD.3dshapes/C_0603_1608Metric.wrl
09-06 18:44:19 com_github_MitjaNemec_Archive3DModels.archive_3d_models 136:Remapping: ${KICAD6_3DMODEL_DIR}/Capacitor_SMD.3dshapes/C_0603_1608Metric.wrl
09-06 18:44:19 com_github_MitjaNemec_Archive3DModels.archive_3d_models 45:Getting 3D models for footprint of: C2
09-06 18:44:19 com_github_MitjaNemec_Archive3DModels.archive_3d_models 56:Trying to copy: ${KICAD6_3DMODEL_DIR}/Capacitor_SMD.3dshapes/C_0603_1608Metric.wrl
09-06 18:44:19 com_github_MitjaNemec_Archive3DModels.archive_3d_models 136:Remapping: ${KICAD6_3DMODEL_DIR}/Capacitor_SMD.3dshapes/C_0603_1608Metric.wrl
09-06 18:44:19 com_github_MitjaNemec_Archive3DModels.archive_3d_models 45:Getting 3D models for footprint of: C16
09-06 18:44:19 com_github_MitjaNemec_Archive3DModels.archive_3d_models 56:Trying to copy: ${KICAD6_3DMODEL_DIR}/Capacitor_SMD.3dshapes/C_0603_1608Metric.wrl
09-06 18:44:19 com_github_MitjaNemec_Archive3DModels.archive_3d_models 136:Remapping: ${KICAD6_3DMODEL_DIR}/Capacitor_SMD.3dshapes/C_0603_1608Metric.wrl
09-06 18:44:19 com_github_MitjaNemec_Archive3DModels.archive_3d_models 45:Getting 3D models for footprint of: D2
09-06 18:44:19 com_github_MitjaNemec_Archive3DModels.archive_3d_models 56:Trying to copy: ${KICAD6_3DMODEL_DIR}/Diode_SMD.3dshapes/D_0603_1608Metric.wrl
09-06 18:44:19 com_github_MitjaNemec_Archive3DModels.archive_3d_models 136:Remapping: ${KICAD6_3DMODEL_DIR}/Diode_SMD.3dshapes/D_0603_1608Metric.wrl
09-06 18:44:19 com_github_MitjaNemec_Archive3DModels.archive_3d_models 45:Getting 3D models for footprint of: C12
09-06 18:44:19 com_github_MitjaNemec_Archive3DModels.archive_3d_models 56:Trying to copy: ${KICAD6_3DMODEL_DIR}/Capacitor_SMD.3dshapes/C_0603_1608Metric.wrl
09-06 18:44:19 com_github_MitjaNemec_Archive3DModels.archive_3d_models 136:Remapping: ${KICAD6_3DMODEL_DIR}/Capacitor_SMD.3dshapes/C_0603_1608Metric.wrl
09-06 18:44:19 com_github_MitjaNemec_Archive3DModels.archive_3d_models 45:Getting 3D models for footprint of: C22
09-06 18:44:19 com_github_MitjaNemec_Archive3DModels.archive_3d_models 56:Trying to copy: ${KICAD6_3DMODEL_DIR}/Capacitor_SMD.3dshapes/C_0603_1608Metric.wrl
09-06 18:44:19 com_github_MitjaNemec_Archive3DModels.archive_3d_models 136:Remapping: ${KICAD6_3DMODEL_DIR}/Capacitor_SMD.3dshapes/C_0603_1608Metric.wrl
09-06 18:44:19 com_github_MitjaNemec_Archive3DModels.archive_3d_models 45:Getting 3D models for footprint of: C3
09-06 18:44:19 com_github_MitjaNemec_Archive3DModels.archive_3d_models 56:Trying to copy: ${KICAD6_3DMODEL_DIR}/Capacitor_SMD.3dshapes/C_0603_1608Metric.wrl
09-06 18:44:19 com_github_MitjaNemec_Archive3DModels.archive_3d_models 136:Remapping: ${KICAD6_3DMODEL_DIR}/Capacitor_SMD.3dshapes/C_0603_1608Metric.wrl
09-06 18:44:19 com_github_MitjaNemec_Archive3DModels.archive_3d_models 45:Getting 3D models for footprint of: D15
09-06 18:44:19 com_github_MitjaNemec_Archive3DModels.archive_3d_models 56:Trying to copy: ${KICAD6_3DMODEL_DIR}/Diode_SMD.3dshapes/D_0603_1608Metric.wrl
09-06 18:44:19 com_github_MitjaNemec_Archive3DModels.archive_3d_models 136:Remapping: ${KICAD6_3DMODEL_DIR}/Diode_SMD.3dshapes/D_0603_1608Metric.wrl
09-06 18:44:19 com_github_MitjaNemec_Archive3DModels.archive_3d_models 45:Getting 3D models for footprint of: C8
09-06 18:44:19 com_github_MitjaNemec_Archive3DModels.archive_3d_models 56:Trying to copy: ${KICAD6_3DMODEL_DIR}/Capacitor_SMD.3dshapes/C_0603_1608Metric.wrl
09-06 18:44:19 com_github_MitjaNemec_Archive3DModels.archive_3d_models 136:Remapping: ${KICAD6_3DMODEL_DIR}/Capacitor_SMD.3dshapes/C_0603_1608Metric.wrl
09-06 18:44:19 com_github_MitjaNemec_Archive3DModels.archive_3d_models 45:Getting 3D models for footprint of: C9
09-06 18:44:19 com_github_MitjaNemec_Archive3DModels.archive_3d_models 56:Trying to copy: ${KICAD6_3DMODEL_DIR}/Capacitor_SMD.3dshapes/C_0603_1608Metric.wrl
09-06 18:44:19 com_github_MitjaNemec_Archive3DModels.archive_3d_models 136:Remapping: ${KICAD6_3DMODEL_DIR}/Capacitor_SMD.3dshapes/C_0603_1608Metric.wrl
