10-22 21:39:00 com_github_MitjaNemec_Archive3DModels.action_archive_3d_models 220:Plugin executed on: 'win32'
10-22 21:39:00 com_github_MitjaNemec_Archive3DModels.action_archive_3d_models 221:Plugin executed with python version: '3.9.14 (main, Feb 13 2023, 04:48:26) [MSC v.1934 64 bit (AMD64)]'
10-22 21:39:00 com_github_MitjaNemec_Archive3DModels.action_archive_3d_models 222:KiCad build version: 7.0.1
10-22 21:39:00 com_github_MitjaNemec_Archive3DModels.action_archive_3d_models 223:Plugin version: 1.0.10

10-22 21:39:00 com_github_MitjaNemec_Archive3DModels.action_archive_3d_models 228:Screen sizes: [wx.Size(1920, 1080), wx.Size(1920, 1080), wx.Size(1920, 1080)]
10-22 21:39:00 com_github_MitjaNemec_Archive3DModels.action_archive_3d_models 235:Dialog size: wx.Size(213, 81)
10-22 21:39:00 com_github_MitjaNemec_Archive3DModels.action_archive_3d_models 237:Char size: 15
10-22 21:39:01 com_github_MitjaNemec_Archive3DModels.archive_3d_models 24:Starting to archive 3D models
10-22 21:39:01 com_github_MitjaNemec_Archive3DModels.archive_3d_models 45:Getting 3D models for footprint of: J3
10-22 21:39:01 com_github_MitjaNemec_Archive3DModels.archive_3d_models 56:Trying to copy: ${KICAD_USER_SAMACSYS}/SamacSys_Parts.3dshapes/2337019-1.stp
10-22 21:39:01 com_github_MitjaNemec_Archive3DModels.archive_3d_models 136:Remapping: ${KICAD_USER_SAMACSYS}/SamacSys_Parts.3dshapes/2337019-1.stp
10-22 21:39:01 com_github_MitjaNemec_Archive3DModels.archive_3d_models 45:Getting 3D models for footprint of: SW3
10-22 21:39:01 com_github_MitjaNemec_Archive3DModels.archive_3d_models 56:Trying to copy: ${KICAD_USER_LIB}/3D Shapes/Switch footprints.3dshapes/SLW-864547-5A-RA-D.stp
10-22 21:39:01 com_github_MitjaNemec_Archive3DModels.archive_3d_models 136:Remapping: ${KICAD_USER_LIB}/3D Shapes/Switch footprints.3dshapes/SLW-864547-5A-RA-D.stp
10-22 21:39:01 com_github_MitjaNemec_Archive3DModels.archive_3d_models 45:Getting 3D models for footprint of: SW1
10-22 21:39:01 com_github_MitjaNemec_Archive3DModels.archive_3d_models 56:Trying to copy: ${KICAD_USER_SAMACSYS}/SamacSys_Parts.3dshapes/PTS636_SP50_SMTR_LFS.stp
10-22 21:39:02 com_github_MitjaNemec_Archive3DModels.archive_3d_models 136:Remapping: ${KICAD_USER_SAMACSYS}/SamacSys_Parts.3dshapes/PTS636_SP50_SMTR_LFS.stp
10-22 21:39:02 com_github_MitjaNemec_Archive3DModels.archive_3d_models 45:Getting 3D models for footprint of: SW2
10-22 21:39:02 com_github_MitjaNemec_Archive3DModels.archive_3d_models 56:Trying to copy: ${KICAD_USER_SAMACSYS}/SamacSys_Parts.3dshapes/PTS636_SP50_SMTR_LFS.stp
10-22 21:39:02 com_github_MitjaNemec_Archive3DModels.archive_3d_models 136:Remapping: ${KICAD_USER_SAMACSYS}/SamacSys_Parts.3dshapes/PTS636_SP50_SMTR_LFS.stp
10-22 21:39:02 com_github_MitjaNemec_Archive3DModels.archive_3d_models 45:Getting 3D models for footprint of: IC3
10-22 21:39:02 com_github_MitjaNemec_Archive3DModels.archive_3d_models 56:Trying to copy: ${KIPRJMOD}/packages3D/TPS630701RNMR.stp
10-22 21:39:02 com_github_MitjaNemec_Archive3DModels.archive_3d_models 136:Remapping: ${KIPRJMOD}/packages3D/TPS630701RNMR.stp
10-22 21:39:02 com_github_MitjaNemec_Archive3DModels.archive_3d_models 45:Getting 3D models for footprint of: D3
10-22 21:39:02 com_github_MitjaNemec_Archive3DModels.archive_3d_models 56:Trying to copy: ${KIPRJMOD}/packages3D/155124VS73200.stp
10-22 21:39:02 com_github_MitjaNemec_Archive3DModels.archive_3d_models 136:Remapping: ${KIPRJMOD}/packages3D/155124VS73200.stp
10-22 21:39:02 com_github_MitjaNemec_Archive3DModels.archive_3d_models 45:Getting 3D models for footprint of: D2
10-22 21:39:02 com_github_MitjaNemec_Archive3DModels.archive_3d_models 56:Trying to copy: ${KIPRJMOD}/packages3D/155124VS73200.stp
10-22 21:39:02 com_github_MitjaNemec_Archive3DModels.archive_3d_models 136:Remapping: ${KIPRJMOD}/packages3D/155124VS73200.stp
10-22 21:39:02 com_github_MitjaNemec_Archive3DModels.archive_3d_models 45:Getting 3D models for footprint of: D6
10-22 21:39:02 com_github_MitjaNemec_Archive3DModels.archive_3d_models 56:Trying to copy: ${KIPRJMOD}/packages3D/LED_0603_1608Metric.wrl
10-22 21:39:02 com_github_MitjaNemec_Archive3DModels.archive_3d_models 136:Remapping: ${KIPRJMOD}/packages3D/LED_0603_1608Metric.wrl
10-22 21:39:02 com_github_MitjaNemec_Archive3DModels.archive_3d_models 45:Getting 3D models for footprint of: D7
10-22 21:39:02 com_github_MitjaNemec_Archive3DModels.archive_3d_models 56:Trying to copy: ${KIPRJMOD}/packages3D/LED_0603_1608Metric.wrl
10-22 21:39:02 com_github_MitjaNemec_Archive3DModels.archive_3d_models 136:Remapping: ${KIPRJMOD}/packages3D/LED_0603_1608Metric.wrl
10-22 21:39:02 com_github_MitjaNemec_Archive3DModels.archive_3d_models 45:Getting 3D models for footprint of: D5
10-22 21:39:02 com_github_MitjaNemec_Archive3DModels.archive_3d_models 56:Trying to copy: ${KIPRJMOD}/packages3D/D_SOD-523.wrl
10-22 21:39:02 com_github_MitjaNemec_Archive3DModels.archive_3d_models 136:Remapping: ${KIPRJMOD}/packages3D/D_SOD-523.wrl
10-22 21:39:02 com_github_MitjaNemec_Archive3DModels.archive_3d_models 45:Getting 3D models for footprint of: D4
10-22 21:39:02 com_github_MitjaNemec_Archive3DModels.archive_3d_models 56:Trying to copy: ${KIPRJMOD}/packages3D/D_SOD-523.wrl
10-22 21:39:02 com_github_MitjaNemec_Archive3DModels.archive_3d_models 136:Remapping: ${KIPRJMOD}/packages3D/D_SOD-523.wrl
10-22 21:39:02 com_github_MitjaNemec_Archive3DModels.archive_3d_models 45:Getting 3D models for footprint of: D1
10-22 21:39:02 com_github_MitjaNemec_Archive3DModels.archive_3d_models 56:Trying to copy: ${KIPRJMOD}/packages3D/CD214A-B240LR.stp
10-22 21:39:02 com_github_MitjaNemec_Archive3DModels.archive_3d_models 136:Remapping: ${KIPRJMOD}/packages3D/CD214A-B240LR.stp
10-22 21:39:02 com_github_MitjaNemec_Archive3DModels.archive_3d_models 45:Getting 3D models for footprint of: Q1
10-22 21:39:02 com_github_MitjaNemec_Archive3DModels.archive_3d_models 56:Trying to copy: ${KIPRJMOD}/packages3D/T2N7002AK,LM.stp
10-22 21:39:02 com_github_MitjaNemec_Archive3DModels.archive_3d_models 136:Remapping: ${KIPRJMOD}/packages3D/T2N7002AK,LM.stp
10-22 21:39:02 com_github_MitjaNemec_Archive3DModels.archive_3d_models 45:Getting 3D models for footprint of: IC2
10-22 21:39:02 com_github_MitjaNemec_Archive3DModels.archive_3d_models 56:Trying to copy: ${KIPRJMOD}/packages3D/W25Q16JVUXIQ_TR.stp
10-22 21:39:02 com_github_MitjaNemec_Archive3DModels.archive_3d_models 136:Remapping: ${KIPRJMOD}/packages3D/W25Q16JVUXIQ_TR.stp
10-22 21:39:02 com_github_MitjaNemec_Archive3DModels.archive_3d_models 45:Getting 3D models for footprint of: U2
10-22 21:39:02 com_github_MitjaNemec_Archive3DModels.archive_3d_models 56:Trying to copy: ${KIPRJMOD}/packages3D/SOT-23-6.wrl
10-22 21:39:02 com_github_MitjaNemec_Archive3DModels.archive_3d_models 136:Remapping: ${KIPRJMOD}/packages3D/SOT-23-6.wrl
10-22 21:39:02 com_github_MitjaNemec_Archive3DModels.archive_3d_models 45:Getting 3D models for footprint of: U4
10-22 21:39:02 com_github_MitjaNemec_Archive3DModels.archive_3d_models 56:Trying to copy: ${KIPRJMOD}/packages3D/BQ24075RGTR.stp
10-22 21:39:02 com_github_MitjaNemec_Archive3DModels.archive_3d_models 136:Remapping: ${KIPRJMOD}/packages3D/BQ24075RGTR.stp
10-22 21:39:02 com_github_MitjaNemec_Archive3DModels.archive_3d_models 45:Getting 3D models for footprint of: L1
10-22 21:39:02 com_github_MitjaNemec_Archive3DModels.archive_3d_models 56:Trying to copy: ${KIPRJMOD}/packages3D/L_0603_1608Metric.wrl
10-22 21:39:02 com_github_MitjaNemec_Archive3DModels.archive_3d_models 136:Remapping: ${KIPRJMOD}/packages3D/L_0603_1608Metric.wrl
10-22 21:39:02 com_github_MitjaNemec_Archive3DModels.archive_3d_models 45:Getting 3D models for footprint of: L2
10-22 21:39:02 com_github_MitjaNemec_Archive3DModels.archive_3d_models 56:Trying to copy: ${KIPRJMOD}/packages3D/L_0603_1608Metric.wrl
10-22 21:39:02 com_github_MitjaNemec_Archive3DModels.archive_3d_models 136:Remapping: ${KIPRJMOD}/packages3D/L_0603_1608Metric.wrl
10-22 21:39:02 com_github_MitjaNemec_Archive3DModels.archive_3d_models 45:Getting 3D models for footprint of: L4
10-22 21:39:02 com_github_MitjaNemec_Archive3DModels.archive_3d_models 56:Trying to copy: ${KIPRJMOD}/packages3D/L_0603_1608Metric.wrl
10-22 21:39:02 com_github_MitjaNemec_Archive3DModels.archive_3d_models 136:Remapping: ${KIPRJMOD}/packages3D/L_0603_1608Metric.wrl
10-22 21:39:02 com_github_MitjaNemec_Archive3DModels.archive_3d_models 45:Getting 3D models for footprint of: L3
10-22 21:39:02 com_github_MitjaNemec_Archive3DModels.archive_3d_models 56:Trying to copy: ${KIPRJMOD}/packages3D/EXL1V0402-1R5-R.stp
10-22 21:39:02 com_github_MitjaNemec_Archive3DModels.archive_3d_models 136:Remapping: ${KIPRJMOD}/packages3D/EXL1V0402-1R5-R.stp
10-22 21:39:02 com_github_MitjaNemec_Archive3DModels.archive_3d_models 45:Getting 3D models for footprint of: R7
10-22 21:39:02 com_github_MitjaNemec_Archive3DModels.archive_3d_models 56:Trying to copy: ${KIPRJMOD}/packages3D/R_0603_1608Metric.wrl
10-22 21:39:02 com_github_MitjaNemec_Archive3DModels.archive_3d_models 136:Remapping: ${KIPRJMOD}/packages3D/R_0603_1608Metric.wrl
10-22 21:39:02 com_github_MitjaNemec_Archive3DModels.archive_3d_models 45:Getting 3D models for footprint of: R6
10-22 21:39:02 com_github_MitjaNemec_Archive3DModels.archive_3d_models 56:Trying to copy: ${KIPRJMOD}/packages3D/R_0603_1608Metric.wrl
10-22 21:39:02 com_github_MitjaNemec_Archive3DModels.archive_3d_models 136:Remapping: ${KIPRJMOD}/packages3D/R_0603_1608Metric.wrl
10-22 21:39:02 com_github_MitjaNemec_Archive3DModels.archive_3d_models 45:Getting 3D models for footprint of: R5
10-22 21:39:02 com_github_MitjaNemec_Archive3DModels.archive_3d_models 56:Trying to copy: ${KIPRJMOD}/packages3D/R_0603_1608Metric.wrl
10-22 21:39:02 com_github_MitjaNemec_Archive3DModels.archive_3d_models 136:Remapping: ${KIPRJMOD}/packages3D/R_0603_1608Metric.wrl
10-22 21:39:02 com_github_MitjaNemec_Archive3DModels.archive_3d_models 45:Getting 3D models for footprint of: R4
10-22 21:39:02 com_github_MitjaNemec_Archive3DModels.archive_3d_models 56:Trying to copy: ${KIPRJMOD}/packages3D/R_0603_1608Metric.wrl
10-22 21:39:02 com_github_MitjaNemec_Archive3DModels.archive_3d_models 136:Remapping: ${KIPRJMOD}/packages3D/R_0603_1608Metric.wrl
10-22 21:39:02 com_github_MitjaNemec_Archive3DModels.archive_3d_models 45:Getting 3D models for footprint of: R3
10-22 21:39:02 com_github_MitjaNemec_Archive3DModels.archive_3d_models 56:Trying to copy: ${KIPRJMOD}/packages3D/R_0603_1608Metric.wrl
10-22 21:39:02 com_github_MitjaNemec_Archive3DModels.archive_3d_models 136:Remapping: ${KIPRJMOD}/packages3D/R_0603_1608Metric.wrl
10-22 21:39:02 com_github_MitjaNemec_Archive3DModels.archive_3d_models 45:Getting 3D models for footprint of: R2
10-22 21:39:02 com_github_MitjaNemec_Archive3DModels.archive_3d_models 56:Trying to copy: ${KIPRJMOD}/packages3D/R_0603_1608Metric.wrl
10-22 21:39:02 com_github_MitjaNemec_Archive3DModels.archive_3d_models 136:Remapping: ${KIPRJMOD}/packages3D/R_0603_1608Metric.wrl
10-22 21:39:02 com_github_MitjaNemec_Archive3DModels.archive_3d_models 45:Getting 3D models for footprint of: R1
10-22 21:39:02 com_github_MitjaNemec_Archive3DModels.archive_3d_models 56:Trying to copy: ${KIPRJMOD}/packages3D/R_0603_1608Metric.wrl
10-22 21:39:02 com_github_MitjaNemec_Archive3DModels.archive_3d_models 136:Remapping: ${KIPRJMOD}/packages3D/R_0603_1608Metric.wrl
10-22 21:39:02 com_github_MitjaNemec_Archive3DModels.archive_3d_models 45:Getting 3D models for footprint of: R17
10-22 21:39:02 com_github_MitjaNemec_Archive3DModels.archive_3d_models 56:Trying to copy: ${KIPRJMOD}/packages3D/R_0603_1608Metric.wrl
10-22 21:39:02 com_github_MitjaNemec_Archive3DModels.archive_3d_models 136:Remapping: ${KIPRJMOD}/packages3D/R_0603_1608Metric.wrl
10-22 21:39:02 com_github_MitjaNemec_Archive3DModels.archive_3d_models 45:Getting 3D models for footprint of: R18
10-22 21:39:02 com_github_MitjaNemec_Archive3DModels.archive_3d_models 56:Trying to copy: ${KIPRJMOD}/packages3D/R_0603_1608Metric.wrl
10-22 21:39:02 com_github_MitjaNemec_Archive3DModels.archive_3d_models 136:Remapping: ${KIPRJMOD}/packages3D/R_0603_1608Metric.wrl
10-22 21:39:02 com_github_MitjaNemec_Archive3DModels.archive_3d_models 45:Getting 3D models for footprint of: R23
10-22 21:39:02 com_github_MitjaNemec_Archive3DModels.archive_3d_models 56:Trying to copy: ${KIPRJMOD}/packages3D/R_0603_1608Metric.wrl
10-22 21:39:02 com_github_MitjaNemec_Archive3DModels.archive_3d_models 136:Remapping: ${KIPRJMOD}/packages3D/R_0603_1608Metric.wrl
10-22 21:39:02 com_github_MitjaNemec_Archive3DModels.archive_3d_models 45:Getting 3D models for footprint of: R12
10-22 21:39:02 com_github_MitjaNemec_Archive3DModels.archive_3d_models 56:Trying to copy: ${KIPRJMOD}/packages3D/R_0603_1608Metric.wrl
10-22 21:39:02 com_github_MitjaNemec_Archive3DModels.archive_3d_models 136:Remapping: ${KIPRJMOD}/packages3D/R_0603_1608Metric.wrl
10-22 21:39:02 com_github_MitjaNemec_Archive3DModels.archive_3d_models 45:Getting 3D models for footprint of: R24
10-22 21:39:02 com_github_MitjaNemec_Archive3DModels.archive_3d_models 56:Trying to copy: ${KIPRJMOD}/packages3D/R_0603_1608Metric.wrl
10-22 21:39:02 com_github_MitjaNemec_Archive3DModels.archive_3d_models 136:Remapping: ${KIPRJMOD}/packages3D/R_0603_1608Metric.wrl
10-22 21:39:02 com_github_MitjaNemec_Archive3DModels.archive_3d_models 45:Getting 3D models for footprint of: R25
10-22 21:39:02 com_github_MitjaNemec_Archive3DModels.archive_3d_models 56:Trying to copy: ${KIPRJMOD}/packages3D/R_0603_1608Metric.wrl
10-22 21:39:02 com_github_MitjaNemec_Archive3DModels.archive_3d_models 136:Remapping: ${KIPRJMOD}/packages3D/R_0603_1608Metric.wrl
10-22 21:39:02 com_github_MitjaNemec_Archive3DModels.archive_3d_models 45:Getting 3D models for footprint of: R16
10-22 21:39:02 com_github_MitjaNemec_Archive3DModels.archive_3d_models 56:Trying to copy: ${KIPRJMOD}/packages3D/R_0603_1608Metric.wrl
10-22 21:39:02 com_github_MitjaNemec_Archive3DModels.archive_3d_models 136:Remapping: ${KIPRJMOD}/packages3D/R_0603_1608Metric.wrl
10-22 21:39:02 com_github_MitjaNemec_Archive3DModels.archive_3d_models 45:Getting 3D models for footprint of: R13
10-22 21:39:02 com_github_MitjaNemec_Archive3DModels.archive_3d_models 56:Trying to copy: ${KIPRJMOD}/packages3D/R_0603_1608Metric.wrl
10-22 21:39:02 com_github_MitjaNemec_Archive3DModels.archive_3d_models 136:Remapping: ${KIPRJMOD}/packages3D/R_0603_1608Metric.wrl
10-22 21:39:02 com_github_MitjaNemec_Archive3DModels.archive_3d_models 45:Getting 3D models for footprint of: R11
10-22 21:39:02 com_github_MitjaNemec_Archive3DModels.archive_3d_models 56:Trying to copy: ${KIPRJMOD}/packages3D/R_0603_1608Metric.wrl
10-22 21:39:02 com_github_MitjaNemec_Archive3DModels.archive_3d_models 136:Remapping: ${KIPRJMOD}/packages3D/R_0603_1608Metric.wrl
10-22 21:39:02 com_github_MitjaNemec_Archive3DModels.archive_3d_models 45:Getting 3D models for footprint of: R14
10-22 21:39:02 com_github_MitjaNemec_Archive3DModels.archive_3d_models 56:Trying to copy: ${KIPRJMOD}/packages3D/R_0603_1608Metric.wrl
10-22 21:39:02 com_github_MitjaNemec_Archive3DModels.archive_3d_models 136:Remapping: ${KIPRJMOD}/packages3D/R_0603_1608Metric.wrl
10-22 21:39:02 com_github_MitjaNemec_Archive3DModels.archive_3d_models 45:Getting 3D models for footprint of: R10
10-22 21:39:02 com_github_MitjaNemec_Archive3DModels.archive_3d_models 56:Trying to copy: ${KIPRJMOD}/packages3D/R_0603_1608Metric.wrl
10-22 21:39:02 com_github_MitjaNemec_Archive3DModels.archive_3d_models 136:Remapping: ${KIPRJMOD}/packages3D/R_0603_1608Metric.wrl
10-22 21:39:02 com_github_MitjaNemec_Archive3DModels.archive_3d_models 45:Getting 3D models for footprint of: R15
10-22 21:39:02 com_github_MitjaNemec_Archive3DModels.archive_3d_models 56:Trying to copy: ${KIPRJMOD}/packages3D/R_0603_1608Metric.wrl
10-22 21:39:02 com_github_MitjaNemec_Archive3DModels.archive_3d_models 136:Remapping: ${KIPRJMOD}/packages3D/R_0603_1608Metric.wrl
10-22 21:39:02 com_github_MitjaNemec_Archive3DModels.archive_3d_models 45:Getting 3D models for footprint of: R9
10-22 21:39:02 com_github_MitjaNemec_Archive3DModels.archive_3d_models 56:Trying to copy: ${KIPRJMOD}/packages3D/R_0603_1608Metric.wrl
10-22 21:39:02 com_github_MitjaNemec_Archive3DModels.archive_3d_models 136:Remapping: ${KIPRJMOD}/packages3D/R_0603_1608Metric.wrl
10-22 21:39:02 com_github_MitjaNemec_Archive3DModels.archive_3d_models 45:Getting 3D models for footprint of: R8
10-22 21:39:02 com_github_MitjaNemec_Archive3DModels.archive_3d_models 56:Trying to copy: ${KIPRJMOD}/packages3D/R_0603_1608Metric.wrl
10-22 21:39:02 com_github_MitjaNemec_Archive3DModels.archive_3d_models 136:Remapping: ${KIPRJMOD}/packages3D/R_0603_1608Metric.wrl
10-22 21:39:02 com_github_MitjaNemec_Archive3DModels.archive_3d_models 45:Getting 3D models for footprint of: R22
10-22 21:39:02 com_github_MitjaNemec_Archive3DModels.archive_3d_models 56:Trying to copy: ${KIPRJMOD}/packages3D/R_0603_1608Metric.wrl
10-22 21:39:02 com_github_MitjaNemec_Archive3DModels.archive_3d_models 136:Remapping: ${KIPRJMOD}/packages3D/R_0603_1608Metric.wrl
10-22 21:39:02 com_github_MitjaNemec_Archive3DModels.archive_3d_models 45:Getting 3D models for footprint of: R19
10-22 21:39:02 com_github_MitjaNemec_Archive3DModels.archive_3d_models 56:Trying to copy: ${KIPRJMOD}/packages3D/R_0603_1608Metric.wrl
10-22 21:39:02 com_github_MitjaNemec_Archive3DModels.archive_3d_models 136:Remapping: ${KIPRJMOD}/packages3D/R_0603_1608Metric.wrl
10-22 21:39:02 com_github_MitjaNemec_Archive3DModels.archive_3d_models 45:Getting 3D models for footprint of: R21
10-22 21:39:02 com_github_MitjaNemec_Archive3DModels.archive_3d_models 56:Trying to copy: ${KIPRJMOD}/packages3D/R_0603_1608Metric.wrl
10-22 21:39:02 com_github_MitjaNemec_Archive3DModels.archive_3d_models 136:Remapping: ${KIPRJMOD}/packages3D/R_0603_1608Metric.wrl
10-22 21:39:02 com_github_MitjaNemec_Archive3DModels.archive_3d_models 45:Getting 3D models for footprint of: R20
10-22 21:39:02 com_github_MitjaNemec_Archive3DModels.archive_3d_models 56:Trying to copy: ${KIPRJMOD}/packages3D/R_0603_1608Metric.wrl
10-22 21:39:02 com_github_MitjaNemec_Archive3DModels.archive_3d_models 136:Remapping: ${KIPRJMOD}/packages3D/R_0603_1608Metric.wrl
10-22 21:39:02 com_github_MitjaNemec_Archive3DModels.archive_3d_models 45:Getting 3D models for footprint of: J1
10-22 21:39:02 com_github_MitjaNemec_Archive3DModels.archive_3d_models 56:Trying to copy: ${KIPRJMOD}/packages3D/USB_C_Receptacle_GCT_USB4105-xx-A_16P_TopMnt_Horizontal.wrl
10-22 21:39:02 com_github_MitjaNemec_Archive3DModels.archive_3d_models 136:Remapping: ${KIPRJMOD}/packages3D/USB_C_Receptacle_GCT_USB4105-xx-A_16P_TopMnt_Horizontal.wrl
10-22 21:39:02 com_github_MitjaNemec_Archive3DModels.archive_3d_models 45:Getting 3D models for footprint of: Y1
10-22 21:39:02 com_github_MitjaNemec_Archive3DModels.archive_3d_models 56:Trying to copy: ${KIPRJMOD}/packages3D/Crystal_SMD_EuroQuartz_MT-4Pin_3.2x2.5mm.step
10-22 21:39:02 com_github_MitjaNemec_Archive3DModels.archive_3d_models 136:Remapping: ${KIPRJMOD}/packages3D/Crystal_SMD_EuroQuartz_MT-4Pin_3.2x2.5mm.step
10-22 21:39:02 com_github_MitjaNemec_Archive3DModels.archive_3d_models 45:Getting 3D models for footprint of: C1
10-22 21:39:02 com_github_MitjaNemec_Archive3DModels.archive_3d_models 56:Trying to copy: ${KIPRJMOD}/packages3D/C_0603_1608Metric.wrl
10-22 21:39:02 com_github_MitjaNemec_Archive3DModels.archive_3d_models 136:Remapping: ${KIPRJMOD}/packages3D/C_0603_1608Metric.wrl
10-22 21:39:02 com_github_MitjaNemec_Archive3DModels.archive_3d_models 45:Getting 3D models for footprint of: C29
10-22 21:39:02 com_github_MitjaNemec_Archive3DModels.archive_3d_models 56:Trying to copy: ${KIPRJMOD}/packages3D/C_0603_1608Metric.wrl
10-22 21:39:02 com_github_MitjaNemec_Archive3DModels.archive_3d_models 136:Remapping: ${KIPRJMOD}/packages3D/C_0603_1608Metric.wrl
10-22 21:39:02 com_github_MitjaNemec_Archive3DModels.archive_3d_models 45:Getting 3D models for footprint of: C15
10-22 21:39:02 com_github_MitjaNemec_Archive3DModels.archive_3d_models 56:Trying to copy: ${KIPRJMOD}/packages3D/C_0603_1608Metric.wrl
10-22 21:39:02 com_github_MitjaNemec_Archive3DModels.archive_3d_models 136:Remapping: ${KIPRJMOD}/packages3D/C_0603_1608Metric.wrl
10-22 21:39:02 com_github_MitjaNemec_Archive3DModels.archive_3d_models 45:Getting 3D models for footprint of: C2
10-22 21:39:02 com_github_MitjaNemec_Archive3DModels.archive_3d_models 56:Trying to copy: ${KIPRJMOD}/packages3D/C_0603_1608Metric.wrl
10-22 21:39:02 com_github_MitjaNemec_Archive3DModels.archive_3d_models 136:Remapping: ${KIPRJMOD}/packages3D/C_0603_1608Metric.wrl
10-22 21:39:02 com_github_MitjaNemec_Archive3DModels.archive_3d_models 45:Getting 3D models for footprint of: C8
10-22 21:39:02 com_github_MitjaNemec_Archive3DModels.archive_3d_models 56:Trying to copy: ${KIPRJMOD}/packages3D/C_0603_1608Metric.wrl
10-22 21:39:02 com_github_MitjaNemec_Archive3DModels.archive_3d_models 136:Remapping: ${KIPRJMOD}/packages3D/C_0603_1608Metric.wrl
10-22 21:39:02 com_github_MitjaNemec_Archive3DModels.archive_3d_models 45:Getting 3D models for footprint of: C5
10-22 21:39:02 com_github_MitjaNemec_Archive3DModels.archive_3d_models 56:Trying to copy: ${KIPRJMOD}/packages3D/C_0603_1608Metric.wrl
10-22 21:39:02 com_github_MitjaNemec_Archive3DModels.archive_3d_models 136:Remapping: ${KIPRJMOD}/packages3D/C_0603_1608Metric.wrl
10-22 21:39:02 com_github_MitjaNemec_Archive3DModels.archive_3d_models 45:Getting 3D models for footprint of: C25
10-22 21:39:02 com_github_MitjaNemec_Archive3DModels.archive_3d_models 56:Trying to copy: ${KIPRJMOD}/packages3D/C_0805_2012Metric.wrl
10-22 21:39:02 com_github_MitjaNemec_Archive3DModels.archive_3d_models 136:Remapping: ${KIPRJMOD}/packages3D/C_0805_2012Metric.wrl
10-22 21:39:02 com_github_MitjaNemec_Archive3DModels.archive_3d_models 45:Getting 3D models for footprint of: C23
10-22 21:39:02 com_github_MitjaNemec_Archive3DModels.archive_3d_models 56:Trying to copy: ${KIPRJMOD}/packages3D/C_0805_2012Metric.wrl
10-22 21:39:02 com_github_MitjaNemec_Archive3DModels.archive_3d_models 136:Remapping: ${KIPRJMOD}/packages3D/C_0805_2012Metric.wrl
10-22 21:39:02 com_github_MitjaNemec_Archive3DModels.archive_3d_models 45:Getting 3D models for footprint of: C24
10-22 21:39:02 com_github_MitjaNemec_Archive3DModels.archive_3d_models 56:Trying to copy: ${KIPRJMOD}/packages3D/C_0805_2012Metric.wrl
10-22 21:39:02 com_github_MitjaNemec_Archive3DModels.archive_3d_models 136:Remapping: ${KIPRJMOD}/packages3D/C_0805_2012Metric.wrl
10-22 21:39:02 com_github_MitjaNemec_Archive3DModels.archive_3d_models 45:Getting 3D models for footprint of: C14
10-22 21:39:02 com_github_MitjaNemec_Archive3DModels.archive_3d_models 56:Trying to copy: ${KIPRJMOD}/packages3D/C_0603_1608Metric.wrl
10-22 21:39:02 com_github_MitjaNemec_Archive3DModels.archive_3d_models 136:Remapping: ${KIPRJMOD}/packages3D/C_0603_1608Metric.wrl
10-22 21:39:02 com_github_MitjaNemec_Archive3DModels.archive_3d_models 45:Getting 3D models for footprint of: C19
10-22 21:39:02 com_github_MitjaNemec_Archive3DModels.archive_3d_models 56:Trying to copy: ${KIPRJMOD}/packages3D/C_0805_2012Metric.wrl
10-22 21:39:02 com_github_MitjaNemec_Archive3DModels.archive_3d_models 136:Remapping: ${KIPRJMOD}/packages3D/C_0805_2012Metric.wrl
10-22 21:39:02 com_github_MitjaNemec_Archive3DModels.archive_3d_models 45:Getting 3D models for footprint of: C20
10-22 21:39:02 com_github_MitjaNemec_Archive3DModels.archive_3d_models 56:Trying to copy: ${KIPRJMOD}/packages3D/C_0805_2012Metric.wrl
10-22 21:39:02 com_github_MitjaNemec_Archive3DModels.archive_3d_models 136:Remapping: ${KIPRJMOD}/packages3D/C_0805_2012Metric.wrl
10-22 21:39:02 com_github_MitjaNemec_Archive3DModels.archive_3d_models 45:Getting 3D models for footprint of: C31
10-22 21:39:02 com_github_MitjaNemec_Archive3DModels.archive_3d_models 56:Trying to copy: ${KIPRJMOD}/packages3D/C_0603_1608Metric.wrl
10-22 21:39:02 com_github_MitjaNemec_Archive3DModels.archive_3d_models 136:Remapping: ${KIPRJMOD}/packages3D/C_0603_1608Metric.wrl
10-22 21:39:02 com_github_MitjaNemec_Archive3DModels.archive_3d_models 45:Getting 3D models for footprint of: C6
10-22 21:39:02 com_github_MitjaNemec_Archive3DModels.archive_3d_models 56:Trying to copy: ${KIPRJMOD}/packages3D/C_0603_1608Metric.wrl
10-22 21:39:02 com_github_MitjaNemec_Archive3DModels.archive_3d_models 136:Remapping: ${KIPRJMOD}/packages3D/C_0603_1608Metric.wrl
10-22 21:39:02 com_github_MitjaNemec_Archive3DModels.archive_3d_models 45:Getting 3D models for footprint of: C28
10-22 21:39:02 com_github_MitjaNemec_Archive3DModels.archive_3d_models 56:Trying to copy: ${KIPRJMOD}/packages3D/C_0603_1608Metric.wrl
10-22 21:39:02 com_github_MitjaNemec_Archive3DModels.archive_3d_models 136:Remapping: ${KIPRJMOD}/packages3D/C_0603_1608Metric.wrl
10-22 21:39:02 com_github_MitjaNemec_Archive3DModels.archive_3d_models 45:Getting 3D models for footprint of: C30
10-22 21:39:02 com_github_MitjaNemec_Archive3DModels.archive_3d_models 56:Trying to copy: ${KIPRJMOD}/packages3D/C_0603_1608Metric.wrl
10-22 21:39:02 com_github_MitjaNemec_Archive3DModels.archive_3d_models 136:Remapping: ${KIPRJMOD}/packages3D/C_0603_1608Metric.wrl
10-22 21:39:02 com_github_MitjaNemec_Archive3DModels.archive_3d_models 45:Getting 3D models for footprint of: C13
10-22 21:39:02 com_github_MitjaNemec_Archive3DModels.archive_3d_models 56:Trying to copy: ${KIPRJMOD}/packages3D/C_0603_1608Metric.wrl
10-22 21:39:02 com_github_MitjaNemec_Archive3DModels.archive_3d_models 136:Remapping: ${KIPRJMOD}/packages3D/C_0603_1608Metric.wrl
10-22 21:39:02 com_github_MitjaNemec_Archive3DModels.archive_3d_models 45:Getting 3D models for footprint of: C18
10-22 21:39:02 com_github_MitjaNemec_Archive3DModels.archive_3d_models 56:Trying to copy: ${KIPRJMOD}/packages3D/C_0603_1608Metric.wrl
10-22 21:39:02 com_github_MitjaNemec_Archive3DModels.archive_3d_models 136:Remapping: ${KIPRJMOD}/packages3D/C_0603_1608Metric.wrl
10-22 21:39:02 com_github_MitjaNemec_Archive3DModels.archive_3d_models 45:Getting 3D models for footprint of: C27
10-22 21:39:02 com_github_MitjaNemec_Archive3DModels.archive_3d_models 56:Trying to copy: ${KIPRJMOD}/packages3D/C_0603_1608Metric.wrl
10-22 21:39:02 com_github_MitjaNemec_Archive3DModels.archive_3d_models 136:Remapping: ${KIPRJMOD}/packages3D/C_0603_1608Metric.wrl
10-22 21:39:02 com_github_MitjaNemec_Archive3DModels.archive_3d_models 45:Getting 3D models for footprint of: C4
10-22 21:39:02 com_github_MitjaNemec_Archive3DModels.archive_3d_models 56:Trying to copy: ${KIPRJMOD}/packages3D/C_0603_1608Metric.wrl
10-22 21:39:02 com_github_MitjaNemec_Archive3DModels.archive_3d_models 136:Remapping: ${KIPRJMOD}/packages3D/C_0603_1608Metric.wrl
10-22 21:39:02 com_github_MitjaNemec_Archive3DModels.archive_3d_models 45:Getting 3D models for footprint of: C7
10-22 21:39:02 com_github_MitjaNemec_Archive3DModels.archive_3d_models 56:Trying to copy: ${KIPRJMOD}/packages3D/C_0603_1608Metric.wrl
10-22 21:39:02 com_github_MitjaNemec_Archive3DModels.archive_3d_models 136:Remapping: ${KIPRJMOD}/packages3D/C_0603_1608Metric.wrl
10-22 21:39:02 com_github_MitjaNemec_Archive3DModels.archive_3d_models 45:Getting 3D models for footprint of: C22
10-22 21:39:02 com_github_MitjaNemec_Archive3DModels.archive_3d_models 56:Trying to copy: ${KIPRJMOD}/packages3D/C_0603_1608Metric.wrl
10-22 21:39:02 com_github_MitjaNemec_Archive3DModels.archive_3d_models 136:Remapping: ${KIPRJMOD}/packages3D/C_0603_1608Metric.wrl
10-22 21:39:02 com_github_MitjaNemec_Archive3DModels.archive_3d_models 45:Getting 3D models for footprint of: C12
10-22 21:39:02 com_github_MitjaNemec_Archive3DModels.archive_3d_models 56:Trying to copy: ${KIPRJMOD}/packages3D/C_0603_1608Metric.wrl
10-22 21:39:02 com_github_MitjaNemec_Archive3DModels.archive_3d_models 136:Remapping: ${KIPRJMOD}/packages3D/C_0603_1608Metric.wrl
10-22 21:39:02 com_github_MitjaNemec_Archive3DModels.archive_3d_models 45:Getting 3D models for footprint of: C16
10-22 21:39:02 com_github_MitjaNemec_Archive3DModels.archive_3d_models 56:Trying to copy: ${KIPRJMOD}/packages3D/C_0603_1608Metric.wrl
10-22 21:39:02 com_github_MitjaNemec_Archive3DModels.archive_3d_models 136:Remapping: ${KIPRJMOD}/packages3D/C_0603_1608Metric.wrl
10-22 21:39:02 com_github_MitjaNemec_Archive3DModels.archive_3d_models 45:Getting 3D models for footprint of: C26
10-22 21:39:02 com_github_MitjaNemec_Archive3DModels.archive_3d_models 56:Trying to copy: ${KIPRJMOD}/packages3D/C_0603_1608Metric.wrl
10-22 21:39:02 com_github_MitjaNemec_Archive3DModels.archive_3d_models 136:Remapping: ${KIPRJMOD}/packages3D/C_0603_1608Metric.wrl
10-22 21:39:02 com_github_MitjaNemec_Archive3DModels.archive_3d_models 45:Getting 3D models for footprint of: C3
10-22 21:39:02 com_github_MitjaNemec_Archive3DModels.archive_3d_models 56:Trying to copy: ${KIPRJMOD}/packages3D/C_0603_1608Metric.wrl
10-22 21:39:02 com_github_MitjaNemec_Archive3DModels.archive_3d_models 136:Remapping: ${KIPRJMOD}/packages3D/C_0603_1608Metric.wrl
10-22 21:39:02 com_github_MitjaNemec_Archive3DModels.archive_3d_models 45:Getting 3D models for footprint of: C9
10-22 21:39:02 com_github_MitjaNemec_Archive3DModels.archive_3d_models 56:Trying to copy: ${KIPRJMOD}/packages3D/C_0603_1608Metric.wrl
10-22 21:39:02 com_github_MitjaNemec_Archive3DModels.archive_3d_models 136:Remapping: ${KIPRJMOD}/packages3D/C_0603_1608Metric.wrl
10-22 21:39:02 com_github_MitjaNemec_Archive3DModels.archive_3d_models 45:Getting 3D models for footprint of: C21
10-22 21:39:02 com_github_MitjaNemec_Archive3DModels.archive_3d_models 56:Trying to copy: ${KIPRJMOD}/packages3D/C_0603_1608Metric.wrl
10-22 21:39:02 com_github_MitjaNemec_Archive3DModels.archive_3d_models 136:Remapping: ${KIPRJMOD}/packages3D/C_0603_1608Metric.wrl
10-22 21:39:02 com_github_MitjaNemec_Archive3DModels.archive_3d_models 45:Getting 3D models for footprint of: C10
10-22 21:39:02 com_github_MitjaNemec_Archive3DModels.archive_3d_models 56:Trying to copy: ${KIPRJMOD}/packages3D/C_0603_1608Metric.wrl
10-22 21:39:02 com_github_MitjaNemec_Archive3DModels.archive_3d_models 136:Remapping: ${KIPRJMOD}/packages3D/C_0603_1608Metric.wrl
10-22 21:39:02 com_github_MitjaNemec_Archive3DModels.archive_3d_models 45:Getting 3D models for footprint of: C17
10-22 21:39:02 com_github_MitjaNemec_Archive3DModels.archive_3d_models 56:Trying to copy: ${KIPRJMOD}/packages3D/C_0603_1608Metric.wrl
10-22 21:39:02 com_github_MitjaNemec_Archive3DModels.archive_3d_models 136:Remapping: ${KIPRJMOD}/packages3D/C_0603_1608Metric.wrl
10-22 21:39:02 com_github_MitjaNemec_Archive3DModels.archive_3d_models 45:Getting 3D models for footprint of: C11
10-22 21:39:02 com_github_MitjaNemec_Archive3DModels.archive_3d_models 56:Trying to copy: ${KIPRJMOD}/packages3D/C_0603_1608Metric.wrl
10-22 21:39:02 com_github_MitjaNemec_Archive3DModels.archive_3d_models 136:Remapping: ${KIPRJMOD}/packages3D/C_0603_1608Metric.wrl
10-22 21:39:02 com_github_MitjaNemec_Archive3DModels.archive_3d_models 45:Getting 3D models for footprint of: H1
10-22 21:39:02 com_github_MitjaNemec_Archive3DModels.archive_3d_models 45:Getting 3D models for footprint of: H2
10-22 21:39:02 com_github_MitjaNemec_Archive3DModels.archive_3d_models 45:Getting 3D models for footprint of: U3
10-22 21:39:02 com_github_MitjaNemec_Archive3DModels.archive_3d_models 45:Getting 3D models for footprint of: IC1
10-22 21:39:02 com_github_MitjaNemec_Archive3DModels.archive_3d_models 56:Trying to copy: ${KIPRJMOD}/packages3D/LSF0204QPWRQ1.stp
10-22 21:39:02 com_github_MitjaNemec_Archive3DModels.archive_3d_models 136:Remapping: ${KIPRJMOD}/packages3D/LSF0204QPWRQ1.stp
10-22 21:39:02 com_github_MitjaNemec_Archive3DModels.archive_3d_models 45:Getting 3D models for footprint of: U5
10-22 21:39:02 com_github_MitjaNemec_Archive3DModels.archive_3d_models 56:Trying to copy: ${KIPRJMOD}/packages3D/SOT-23-5.wrl
10-22 21:39:02 com_github_MitjaNemec_Archive3DModels.archive_3d_models 136:Remapping: ${KIPRJMOD}/packages3D/SOT-23-5.wrl
10-22 21:39:02 com_github_MitjaNemec_Archive3DModels.archive_3d_models 45:Getting 3D models for footprint of: U1
10-22 21:39:02 com_github_MitjaNemec_Archive3DModels.archive_3d_models 56:Trying to copy: ${KIPRJMOD}/packages3D/ESP32-C3.stp
10-22 21:39:02 com_github_MitjaNemec_Archive3DModels.archive_3d_models 136:Remapping: ${KIPRJMOD}/packages3D/ESP32-C3.stp
10-22 21:39:02 com_github_MitjaNemec_Archive3DModels.archive_3d_models 45:Getting 3D models for footprint of: Q2
10-22 21:39:02 com_github_MitjaNemec_Archive3DModels.archive_3d_models 56:Trying to copy: ${KIPRJMOD}/packages3D/T2N7002AK,LM.stp
10-22 21:39:02 com_github_MitjaNemec_Archive3DModels.archive_3d_models 136:Remapping: ${KIPRJMOD}/packages3D/T2N7002AK,LM.stp
10-22 21:39:02 com_github_MitjaNemec_Archive3DModels.archive_3d_models 45:Getting 3D models for footprint of: J5
10-22 21:39:02 com_github_MitjaNemec_Archive3DModels.archive_3d_models 56:Trying to copy: ${KIPRJMOD}/packages3D/TSM-105-02-L-SH.stp
10-22 21:39:02 com_github_MitjaNemec_Archive3DModels.archive_3d_models 136:Remapping: ${KIPRJMOD}/packages3D/TSM-105-02-L-SH.stp
10-22 21:39:02 com_github_MitjaNemec_Archive3DModels.archive_3d_models 45:Getting 3D models for footprint of: J2
10-22 21:39:02 com_github_MitjaNemec_Archive3DModels.archive_3d_models 56:Trying to copy: ${KIPRJMOD}/packages3D/JST-S2B-PH-SM4-TB.STEP
10-22 21:39:02 com_github_MitjaNemec_Archive3DModels.archive_3d_models 136:Remapping: ${KIPRJMOD}/packages3D/JST-S2B-PH-SM4-TB.STEP
